{"numFailedTestSuites":14,"numFailedTests":73,"numPassedTestSuites":51,"numPassedTests":739,"numPendingTestSuites":0,"numPendingTests":1,"numRuntimeErrorTestSuites":0,"numTodoTests":0,"numTotalTestSuites":65,"numTotalTests":813,"openHandles":[],"snapshot":{"added":0,"didUpdate":false,"failure":false,"filesAdded":0,"filesRemoved":0,"filesRemovedList":[],"filesUnmatched":0,"filesUpdated":0,"matched":0,"total":0,"unchecked":0,"uncheckedKeysByFile":[],"unmatched":0,"updated":0},"startTime":1788116034020,"success":false,"testResults":[{"assertionResults":[{"ancestorTitles":["Attendance Kiosk End-to-End (Backend) — Kiosk Credential Auth","Kiosk login — POST /kiosk-auth/login"],"duration":273,"failureDetails":[],"failureMessages":[],"fullName":"Attendance Kiosk End-to-End (Backend) — Kiosk Credential Auth Kiosk login — POST /kiosk-auth/login should reject wrong password","invocations":1,"location":null,"numPassingAsserts":4,"retryReasons":[],"status":"passed","title":"should reject wrong password"},{"ancestorTitles":["Attendance Kiosk End-to-End (Backend) — Kiosk Credential Auth","Kiosk login — POST /kiosk-auth/login"],"duration":629,"failureDetails":[],"failureMessages":[],"fullName":"Attendance Kiosk End-to-End (Backend) — Kiosk Credential Auth Kiosk login — POST /kiosk-auth/login should reject deactivated credential","invocations":1,"location":null,"numPassingAsserts":1,"retryReasons":[],"status":"passed","title":"should reject deactivated credential"},{"ancestorTitles":["Attendance Kiosk End-to-End (Backend) — Kiosk Credential Auth","Check-in via POST /scan (kiosk token)"],"duration":19,"failureDetails":[],"failureMessages":[],"fullName":"Attendance Kiosk End-to-End (Backend) — Kiosk Credential Auth Check-in via POST /scan (kiosk token) should reject scan with no Authorization header (401)","invocations":1,"location":null,"numPassingAsserts":1,"retryReasons":[],"status":"passed","title":"should reject scan with no Authorization header (401)"},{"ancestorTitles":["Attendance Kiosk End-to-End (Backend) — Kiosk Credential Auth","Check-in via POST /scan (kiosk token)"],"duration":305,"failureDetails":[],"failureMessages":[],"fullName":"Attendance Kiosk End-to-End (Backend) — Kiosk Credential Auth Check-in via POST /scan (kiosk token) should reject scan with an employee JWT (not KIOSK type)","invocations":1,"location":null,"numPassingAsserts":1,"retryReasons":[],"status":"passed","title":"should reject scan with an employee JWT (not KIOSK type)"},{"ancestorTitles":["Attendance Kiosk End-to-End (Backend) — Kiosk Credential Auth","Check-in via POST /scan (kiosk token)"],"duration":17,"failureDetails":[{"matcherResult":{"actual":401,"expected":403,"message":"expect(received).toBe(expected) // Object.is equality\n\nExpected: 403\nReceived: 401","name":"toBe","pass":false}}],"failureMessages":["Error: expect(received).toBe(expected) // Object.is equality\n\nExpected: 403\nReceived: 401\n    at Object.<anonymous> (D:\\HYD\\RRH PWA\\tests\\api\\kiosk-attendance.test.ts:163:26)\n    at processTicksAndRejections (node:internal/process/task_queues:104:5)"],"fullName":"Attendance Kiosk End-to-End (Backend) — Kiosk Credential Auth Check-in via POST /scan (kiosk token) should reject a QR code from a different company (Tenant Isolation)","invocations":1,"location":null,"numPassingAsserts":0,"retryReasons":[],"status":"failed","title":"should reject a QR code from a different company (Tenant Isolation)"},{"ancestorTitles":["Attendance Kiosk End-to-End (Backend) — Kiosk Credential Auth","Check-in via POST /scan (kiosk token)"],"duration":17,"failureDetails":[{"matcherResult":{"actual":401,"expected":200,"message":"expect(received).toBe(expected) // Object.is equality\n\nExpected: 200\nReceived: 401","name":"toBe","pass":false}}],"failureMessages":["Error: expect(received).toBe(expected) // Object.is equality\n\nExpected: 200\nReceived: 401\n    at Object.<anonymous> (D:\\HYD\\RRH PWA\\tests\\api\\kiosk-attendance.test.ts:180:26)\n    at processTicksAndRejections (node:internal/process/task_queues:104:5)"],"fullName":"Attendance Kiosk End-to-End (Backend) — Kiosk Credential Auth Check-in via POST /scan (kiosk token) should successfully check in an employee and populate branch_id","invocations":1,"location":null,"numPassingAsserts":0,"retryReasons":[],"status":"failed","title":"should successfully check in an employee and populate branch_id"},{"ancestorTitles":["Attendance Kiosk End-to-End (Backend) — Kiosk Credential Auth","Check-in via POST /scan (kiosk token)"],"duration":27,"failureDetails":[{"matcherResult":{"actual":0,"expected":2,"message":"expect(received).toBe(expected) // Object.is equality\n\nExpected: 2\nReceived: 0","name":"toBe","pass":false}}],"failureMessages":["Error: expect(received).toBe(expected) // Object.is equality\n\nExpected: 2\nReceived: 0\n    at Object.<anonymous> (D:\\HYD\\RRH PWA\\tests\\api\\kiosk-attendance.test.ts:207:28)\n    at processTicksAndRejections (node:internal/process/task_queues:104:5)"],"fullName":"Attendance Kiosk End-to-End (Backend) — Kiosk Credential Auth Check-in via POST /scan (kiosk token) should prevent concurrent duplicate check-ins (Race condition protection)","invocations":1,"location":null,"numPassingAsserts":0,"retryReasons":[],"status":"failed","title":"should prevent concurrent duplicate check-ins (Race condition protection)"},{"ancestorTitles":["Attendance Kiosk End-to-End (Backend) — Kiosk Credential Auth","Check-in via POST /scan (kiosk token)"],"duration":19,"failureDetails":[{}],"failureMessages":["TypeError: Cannot read properties of null (reading 'branch_id')\n    at Object.<anonymous> (D:\\HYD\\RRH PWA\\tests\\api\\kiosk-attendance.test.ts:228:18)"],"fullName":"Attendance Kiosk End-to-End (Backend) — Kiosk Credential Auth Check-in via POST /scan (kiosk token) should attach the kiosk branch_id to the attendance log","invocations":1,"location":null,"numPassingAsserts":0,"retryReasons":[],"status":"failed","title":"should attach the kiosk branch_id to the attendance log"},{"ancestorTitles":["Attendance Kiosk End-to-End (Backend) — Kiosk Credential Auth","Check-out via POST /checkout (kiosk token)"],"duration":28,"failureDetails":[],"failureMessages":[],"fullName":"Attendance Kiosk End-to-End (Backend) — Kiosk Credential Auth Check-out via POST /checkout (kiosk token) should reject checkout with no token (401)","invocations":1,"location":null,"numPassingAsserts":1,"retryReasons":[],"status":"passed","title":"should reject checkout with no token (401)"},{"ancestorTitles":["Attendance Kiosk End-to-End (Backend) — Kiosk Credential Auth","Check-out via POST /checkout (kiosk token)"],"duration":289,"failureDetails":[],"failureMessages":[],"fullName":"Attendance Kiosk End-to-End (Backend) — Kiosk Credential Auth Check-out via POST /checkout (kiosk token) should reject checkout with an employee JWT (not KIOSK type)","invocations":1,"location":null,"numPassingAsserts":1,"retryReasons":[],"status":"passed","title":"should reject checkout with an employee JWT (not KIOSK type)"},{"ancestorTitles":["Attendance Kiosk End-to-End (Backend) — Kiosk Credential Auth","Check-out via POST /checkout (kiosk token)"],"duration":16,"failureDetails":[{"matcherResult":{"actual":401,"expected":400,"message":"expect(received).toBe(expected) // Object.is equality\n\nExpected: 400\nReceived: 401","name":"toBe","pass":false}}],"failureMessages":["Error: expect(received).toBe(expected) // Object.is equality\n\nExpected: 400\nReceived: 401\n    at Object.<anonymous> (D:\\HYD\\RRH PWA\\tests\\api\\kiosk-attendance.test.ts:282:26)\n    at processTicksAndRejections (node:internal/process/task_queues:104:5)"],"fullName":"Attendance Kiosk End-to-End (Backend) — Kiosk Credential Auth Check-out via POST /checkout (kiosk token) should reject checkout if no active check-in exists","invocations":1,"location":null,"numPassingAsserts":0,"retryReasons":[],"status":"failed","title":"should reject checkout if no active check-in exists"},{"ancestorTitles":["Attendance Kiosk End-to-End (Backend) — Kiosk Credential Auth","Check-out via POST /checkout (kiosk token)"],"duration":20,"failureDetails":[{"matcherResult":{"actual":401,"expected":200,"message":"expect(received).toBe(expected) // Object.is equality\n\nExpected: 200\nReceived: 401","name":"toBe","pass":false}}],"failureMessages":["Error: expect(received).toBe(expected) // Object.is equality\n\nExpected: 200\nReceived: 401\n    at Object.<anonymous> (D:\\HYD\\RRH PWA\\tests\\api\\kiosk-attendance.test.ts:313:26)\n    at processTicksAndRejections (node:internal/process/task_queues:104:5)"],"fullName":"Attendance Kiosk End-to-End (Backend) — Kiosk Credential Auth Check-out via POST /checkout (kiosk token) should successfully checkout and calculate duration, populating branch_id","invocations":1,"location":null,"numPassingAsserts":0,"retryReasons":[],"status":"failed","title":"should successfully checkout and calculate duration, populating branch_id"},{"ancestorTitles":["Attendance Kiosk End-to-End (Backend) — Kiosk Credential Auth","Credential version mismatch kills active session"],"duration":585,"failureDetails":[{"matcherResult":{"actual":4,"expected":2,"message":"expect(received).toBe(expected) // Object.is equality\n\nExpected: 2\nReceived: 4","name":"toBe","pass":false}}],"failureMessages":["Error: expect(received).toBe(expected) // Object.is equality\n\nExpected: 2\nReceived: 4\n    at Object.<anonymous> (D:\\HYD\\RRH PWA\\tests\\api\\kiosk-attendance.test.ts:332:60)\n    at processTicksAndRejections (node:internal/process/task_queues:104:5)"],"fullName":"Attendance Kiosk End-to-End (Backend) — Kiosk Credential Auth Credential version mismatch kills active session should 401 when credential_version in token does not match DB","invocations":1,"location":null,"numPassingAsserts":1,"retryReasons":[],"status":"failed","title":"should 401 when credential_version in token does not match DB"},{"ancestorTitles":["Attendance Kiosk End-to-End (Backend) — Kiosk Credential Auth","POST /kiosk-credentials — CRUD"],"duration":296,"failureDetails":[{"matcherResult":{"actual":409,"expected":201,"message":"expect(received).toBe(expected) // Object.is equality\n\nExpected: 201\nReceived: 409","name":"toBe","pass":false}}],"failureMessages":["Error: expect(received).toBe(expected) // Object.is equality\n\nExpected: 201\nReceived: 409\n    at Object.<anonymous> (D:\\HYD\\RRH PWA\\tests\\api\\kiosk-attendance.test.ts:384:26)\n    at processTicksAndRejections (node:internal/process/task_queues:104:5)"],"fullName":"Attendance Kiosk End-to-End (Backend) — Kiosk Credential Auth POST /kiosk-credentials — CRUD should create a new kiosk credential","invocations":1,"location":null,"numPassingAsserts":0,"retryReasons":[],"status":"failed","title":"should create a new kiosk credential"},{"ancestorTitles":["Attendance Kiosk End-to-End (Backend) — Kiosk Credential Auth","POST /kiosk-credentials — CRUD"],"duration":295,"failureDetails":[],"failureMessages":[],"fullName":"Attendance Kiosk End-to-End (Backend) — Kiosk Credential Auth POST /kiosk-credentials — CRUD should reject duplicate username in same company","invocations":1,"location":null,"numPassingAsserts":2,"retryReasons":[],"status":"passed","title":"should reject duplicate username in same company"},{"ancestorTitles":["Attendance Kiosk End-to-End (Backend) — Kiosk Credential Auth","POST /kiosk-credentials — CRUD"],"duration":294,"failureDetails":[{"matcherResult":{"message":"expect(received).toBeDefined()\n\nReceived: undefined","pass":false}}],"failureMessages":["Error: expect(received).toBeDefined()\n\nReceived: undefined\n    at Object.<anonymous> (D:\\HYD\\RRH PWA\\tests\\api\\kiosk-attendance.test.ts:415:21)\n    at processTicksAndRejections (node:internal/process/task_queues:104:5)"],"fullName":"Attendance Kiosk End-to-End (Backend) — Kiosk Credential Auth POST /kiosk-credentials — CRUD should list credentials with branch names","invocations":1,"location":null,"numPassingAsserts":2,"retryReasons":[],"status":"failed","title":"should list credentials with branch names"},{"ancestorTitles":["Attendance Kiosk End-to-End (Backend) — Kiosk Credential Auth","POST /kiosk-credentials — CRUD"],"duration":313,"failureDetails":[{"matcherResult":{"actual":500,"expected":200,"message":"expect(received).toBe(expected) // Object.is equality\n\nExpected: 200\nReceived: 500","name":"toBe","pass":false}}],"failureMessages":["Error: expect(received).toBe(expected) // Object.is equality\n\nExpected: 200\nReceived: 500\n    at Object.<anonymous> (D:\\HYD\\RRH PWA\\tests\\api\\kiosk-attendance.test.ts:428:32)\n    at processTicksAndRejections (node:internal/process/task_queues:104:5)"],"fullName":"Attendance Kiosk End-to-End (Backend) — Kiosk Credential Auth POST /kiosk-credentials — CRUD should update label and branch","invocations":1,"location":null,"numPassingAsserts":0,"retryReasons":[],"status":"failed","title":"should update label and branch"},{"ancestorTitles":["Attendance Kiosk End-to-End (Backend) — Kiosk Credential Auth","POST /kiosk-credentials — CRUD"],"duration":296,"failureDetails":[{"matcherResult":{"actual":500,"expected":200,"message":"expect(received).toBe(expected) // Object.is equality\n\nExpected: 200\nReceived: 500","name":"toBe","pass":false}}],"failureMessages":["Error: expect(received).toBe(expected) // Object.is equality\n\nExpected: 200\nReceived: 500\n    at Object.<anonymous> (D:\\HYD\\RRH PWA\\tests\\api\\kiosk-attendance.test.ts:438:32)\n    at processTicksAndRejections (node:internal/process/task_queues:104:5)"],"fullName":"Attendance Kiosk End-to-End (Backend) — Kiosk Credential Auth POST /kiosk-credentials — CRUD should bump credential_version on password change","invocations":1,"location":null,"numPassingAsserts":0,"retryReasons":[],"status":"failed","title":"should bump credential_version on password change"},{"ancestorTitles":["Attendance Kiosk End-to-End (Backend) — Kiosk Credential Auth","POST /kiosk-credentials — CRUD"],"duration":293,"failureDetails":[{"matcherResult":{"actual":500,"expected":200,"message":"expect(received).toBe(expected) // Object.is equality\n\nExpected: 200\nReceived: 500","name":"toBe","pass":false}}],"failureMessages":["Error: expect(received).toBe(expected) // Object.is equality\n\nExpected: 200\nReceived: 500\n    at Object.<anonymous> (D:\\HYD\\RRH PWA\\tests\\api\\kiosk-attendance.test.ts:459:31)\n    at processTicksAndRejections (node:internal/process/task_queues:104:5)"],"fullName":"Attendance Kiosk End-to-End (Backend) — Kiosk Credential Auth POST /kiosk-credentials — CRUD should deactivate and reactivate","invocations":1,"location":null,"numPassingAsserts":0,"retryReasons":[],"status":"failed","title":"should deactivate and reactivate"},{"ancestorTitles":["Attendance Kiosk End-to-End (Backend) — Kiosk Credential Auth","POST /kiosk-credentials — CRUD"],"duration":290,"failureDetails":[],"failureMessages":[],"fullName":"Attendance Kiosk End-to-End (Backend) — Kiosk Credential Auth POST /kiosk-credentials — CRUD should reject creating credential for a branch in a different company","invocations":1,"location":null,"numPassingAsserts":2,"retryReasons":[],"status":"passed","title":"should reject creating credential for a branch in a different company"}],"endTime":1788116042069,"message":"  ● Attendance Kiosk End-to-End (Backend) — Kiosk Credential Auth › Check-in via POST /scan (kiosk token) › should reject a QR code from a different company (Tenant Isolation)\n\n    expect(received).toBe(expected) // Object.is equality\n\n    Expected: 403\n    Received: 401\n\n    \u001b[0m \u001b[90m 161 |\u001b[39m           }\u001b[33m,\u001b[39m\n     \u001b[90m 162 |\u001b[39m         })\u001b[33m;\u001b[39m\n    \u001b[31m\u001b[1m>\u001b[22m\u001b[39m\u001b[90m 163 |\u001b[39m       expect(res\u001b[33m.\u001b[39mstatus)\u001b[33m.\u001b[39mtoBe(\u001b[35m403\u001b[39m)\u001b[33m;\u001b[39m\n     \u001b[90m     |\u001b[39m                          \u001b[31m\u001b[1m^\u001b[22m\u001b[39m\n     \u001b[90m 164 |\u001b[39m       expect(res\u001b[33m.\u001b[39mbody\u001b[33m.\u001b[39merror)\u001b[33m.\u001b[39mtoBe(\u001b[32m'Employee does not belong to your company'\u001b[39m)\u001b[33m;\u001b[39m\n     \u001b[90m 165 |\u001b[39m     })\u001b[33m;\u001b[39m\n     \u001b[90m 166 |\u001b[39m\u001b[0m\n\n      at Object.<anonymous> (tests/api/kiosk-attendance.test.ts:163:26)\n\n  ● Attendance Kiosk End-to-End (Backend) — Kiosk Credential Auth › Check-in via POST /scan (kiosk token) › should successfully check in an employee and populate branch_id\n\n    expect(received).toBe(expected) // Object.is equality\n\n    Expected: 200\n    Received: 401\n\n    \u001b[0m \u001b[90m 178 |\u001b[39m           }\u001b[33m,\u001b[39m\n     \u001b[90m 179 |\u001b[39m         })\u001b[33m;\u001b[39m\n    \u001b[31m\u001b[1m>\u001b[22m\u001b[39m\u001b[90m 180 |\u001b[39m       expect(res\u001b[33m.\u001b[39mstatus)\u001b[33m.\u001b[39mtoBe(\u001b[35m200\u001b[39m)\u001b[33m;\u001b[39m\n     \u001b[90m     |\u001b[39m                          \u001b[31m\u001b[1m^\u001b[22m\u001b[39m\n     \u001b[90m 181 |\u001b[39m       expect(res\u001b[33m.\u001b[39mbody\u001b[33m.\u001b[39malreadyStamped)\u001b[33m.\u001b[39mtoBe(\u001b[36mfalse\u001b[39m)\u001b[33m;\u001b[39m\n     \u001b[90m 182 |\u001b[39m\n     \u001b[90m 183 |\u001b[39m       \u001b[90m// Verify the log was created for EMPLOYEE 1 and has branch_id set\u001b[39m\u001b[0m\n\n      at Object.<anonymous> (tests/api/kiosk-attendance.test.ts:180:26)\n\n  ● Attendance Kiosk End-to-End (Backend) — Kiosk Credential Auth › Check-in via POST /scan (kiosk token) › should prevent concurrent duplicate check-ins (Race condition protection)\n\n    expect(received).toBe(expected) // Object.is equality\n\n    Expected: 2\n    Received: 0\n\n    \u001b[0m \u001b[90m 205 |\u001b[39m\n     \u001b[90m 206 |\u001b[39m       \u001b[36mconst\u001b[39m successCount \u001b[33m=\u001b[39m [res1\u001b[33m.\u001b[39mstatus\u001b[33m,\u001b[39m res2\u001b[33m.\u001b[39mstatus]\u001b[33m.\u001b[39mfilter(s \u001b[33m=>\u001b[39m s \u001b[33m===\u001b[39m \u001b[35m200\u001b[39m)\u001b[33m.\u001b[39mlength\u001b[33m;\u001b[39m\n    \u001b[31m\u001b[1m>\u001b[22m\u001b[39m\u001b[90m 207 |\u001b[39m       expect(successCount)\u001b[33m.\u001b[39mtoBe(\u001b[35m2\u001b[39m)\u001b[33m;\u001b[39m \u001b[90m// One is check-in, one is \"Already checked in\"\u001b[39m\n     \u001b[90m     |\u001b[39m                            \u001b[31m\u001b[1m^\u001b[22m\u001b[39m\n     \u001b[90m 208 |\u001b[39m\n     \u001b[90m 209 |\u001b[39m       \u001b[36mconst\u001b[39m logs \u001b[33m=\u001b[39m \u001b[36mawait\u001b[39m p\u001b[33m.\u001b[39mattendanceLog\u001b[33m.\u001b[39mfindMany({ where\u001b[33m:\u001b[39m { employee_id\u001b[33m:\u001b[39m employee1Id } })\u001b[33m;\u001b[39m\n     \u001b[90m 210 |\u001b[39m       expect(logs\u001b[33m.\u001b[39mlength)\u001b[33m.\u001b[39mtoBe(\u001b[35m1\u001b[39m)\u001b[33m;\u001b[39m \u001b[90m// Only 1 physical record inserted!\u001b[39m\u001b[0m\n\n      at Object.<anonymous> (tests/api/kiosk-attendance.test.ts:207:28)\n\n  ● Attendance Kiosk End-to-End (Backend) — Kiosk Credential Auth › Check-in via POST /scan (kiosk token) › should attach the kiosk branch_id to the attendance log\n\n    TypeError: Cannot read properties of null (reading 'branch_id')\n\n    \u001b[0m \u001b[90m 226 |\u001b[39m\n     \u001b[90m 227 |\u001b[39m       \u001b[36mconst\u001b[39m log \u001b[33m=\u001b[39m \u001b[36mawait\u001b[39m p\u001b[33m.\u001b[39mattendanceLog\u001b[33m.\u001b[39mfindFirst({ where\u001b[33m:\u001b[39m { employee_id\u001b[33m:\u001b[39m employee1Id } })\u001b[33m;\u001b[39m\n    \u001b[31m\u001b[1m>\u001b[22m\u001b[39m\u001b[90m 228 |\u001b[39m       expect(log\u001b[33m.\u001b[39mbranch_id)\u001b[33m.\u001b[39mtoBe(kioskBranchId)\u001b[33m;\u001b[39m\n     \u001b[90m     |\u001b[39m                  \u001b[31m\u001b[1m^\u001b[22m\u001b[39m\n     \u001b[90m 229 |\u001b[39m     })\u001b[33m;\u001b[39m\n     \u001b[90m 230 |\u001b[39m   })\u001b[33m;\u001b[39m\n     \u001b[90m 231 |\u001b[39m\u001b[0m\n\n      at Object.<anonymous> (tests/api/kiosk-attendance.test.ts:228:18)\n\n  ● Attendance Kiosk End-to-End (Backend) — Kiosk Credential Auth › Check-out via POST /checkout (kiosk token) › should reject checkout if no active check-in exists\n\n    expect(received).toBe(expected) // Object.is equality\n\n    Expected: 400\n    Received: 401\n\n    \u001b[0m \u001b[90m 280 |\u001b[39m           }\u001b[33m,\u001b[39m\n     \u001b[90m 281 |\u001b[39m         })\u001b[33m;\u001b[39m\n    \u001b[31m\u001b[1m>\u001b[22m\u001b[39m\u001b[90m 282 |\u001b[39m       expect(res\u001b[33m.\u001b[39mstatus)\u001b[33m.\u001b[39mtoBe(\u001b[35m400\u001b[39m)\u001b[33m;\u001b[39m\n     \u001b[90m     |\u001b[39m                          \u001b[31m\u001b[1m^\u001b[22m\u001b[39m\n     \u001b[90m 283 |\u001b[39m       expect(res\u001b[33m.\u001b[39mbody\u001b[33m.\u001b[39merror)\u001b[33m.\u001b[39mtoBe(\u001b[32m'No active check-in found for today'\u001b[39m)\u001b[33m;\u001b[39m\n     \u001b[90m 284 |\u001b[39m     })\u001b[33m;\u001b[39m\n     \u001b[90m 285 |\u001b[39m\u001b[0m\n\n      at Object.<anonymous> (tests/api/kiosk-attendance.test.ts:282:26)\n\n  ● Attendance Kiosk End-to-End (Backend) — Kiosk Credential Auth › Check-out via POST /checkout (kiosk token) › should successfully checkout and calculate duration, populating branch_id\n\n    expect(received).toBe(expected) // Object.is equality\n\n    Expected: 200\n    Received: 401\n\n    \u001b[0m \u001b[90m 311 |\u001b[39m         })\u001b[33m;\u001b[39m\n     \u001b[90m 312 |\u001b[39m\n    \u001b[31m\u001b[1m>\u001b[22m\u001b[39m\u001b[90m 313 |\u001b[39m       expect(res\u001b[33m.\u001b[39mstatus)\u001b[33m.\u001b[39mtoBe(\u001b[35m200\u001b[39m)\u001b[33m;\u001b[39m\n     \u001b[90m     |\u001b[39m                          \u001b[31m\u001b[1m^\u001b[22m\u001b[39m\n     \u001b[90m 314 |\u001b[39m       expect(res\u001b[33m.\u001b[39mbody\u001b[33m.\u001b[39mworking_duration_minutes)\u001b[33m.\u001b[39mtoBeGreaterThanOrEqual(\u001b[35m119\u001b[39m)\u001b[33m;\u001b[39m\n     \u001b[90m 315 |\u001b[39m       expect(res\u001b[33m.\u001b[39mbody\u001b[33m.\u001b[39mworking_duration_minutes)\u001b[33m.\u001b[39mtoBeLessThanOrEqual(\u001b[35m121\u001b[39m)\u001b[33m;\u001b[39m\n     \u001b[90m 316 |\u001b[39m\u001b[0m\n\n      at Object.<anonymous> (tests/api/kiosk-attendance.test.ts:313:26)\n\n  ● Attendance Kiosk End-to-End (Backend) — Kiosk Credential Auth › Credential version mismatch kills active session › should 401 when credential_version in token does not match DB\n\n    expect(received).toBe(expected) // Object.is equality\n\n    Expected: 2\n    Received: 4\n\n    \u001b[0m \u001b[90m 330 |\u001b[39m         \u001b[33m.\u001b[39msend({ password\u001b[33m:\u001b[39m \u001b[32m'Kiosk@456'\u001b[39m })\u001b[33m;\u001b[39m\n     \u001b[90m 331 |\u001b[39m       expect(rotateRes\u001b[33m.\u001b[39mstatus)\u001b[33m.\u001b[39mtoBe(\u001b[35m200\u001b[39m)\u001b[33m;\u001b[39m\n    \u001b[31m\u001b[1m>\u001b[22m\u001b[39m\u001b[90m 332 |\u001b[39m       expect(rotateRes\u001b[33m.\u001b[39mbody\u001b[33m.\u001b[39mcredential\u001b[33m.\u001b[39mcredential_version)\u001b[33m.\u001b[39mtoBe(\u001b[35m2\u001b[39m)\u001b[33m;\u001b[39m\n     \u001b[90m     |\u001b[39m                                                            \u001b[31m\u001b[1m^\u001b[22m\u001b[39m\n     \u001b[90m 333 |\u001b[39m\n     \u001b[90m 334 |\u001b[39m       \u001b[90m// Old token should now be rejected\u001b[39m\n     \u001b[90m 335 |\u001b[39m       \u001b[36mconst\u001b[39m res \u001b[33m=\u001b[39m \u001b[36mawait\u001b[39m request(app)\u001b[0m\n\n      at Object.<anonymous> (tests/api/kiosk-attendance.test.ts:332:60)\n\n  ● Attendance Kiosk End-to-End (Backend) — Kiosk Credential Auth › POST /kiosk-credentials — CRUD › should create a new kiosk credential\n\n    expect(received).toBe(expected) // Object.is equality\n\n    Expected: 201\n    Received: 409\n\n    \u001b[0m \u001b[90m 382 |\u001b[39m           password\u001b[33m:\u001b[39m \u001b[32m'Kiosk@789'\u001b[39m\u001b[33m,\u001b[39m\n     \u001b[90m 383 |\u001b[39m         })\u001b[33m;\u001b[39m\n    \u001b[31m\u001b[1m>\u001b[22m\u001b[39m\u001b[90m 384 |\u001b[39m       expect(res\u001b[33m.\u001b[39mstatus)\u001b[33m.\u001b[39mtoBe(\u001b[35m201\u001b[39m)\u001b[33m;\u001b[39m\n     \u001b[90m     |\u001b[39m                          \u001b[31m\u001b[1m^\u001b[22m\u001b[39m\n     \u001b[90m 385 |\u001b[39m       expect(res\u001b[33m.\u001b[39mbody\u001b[33m.\u001b[39mcredential\u001b[33m.\u001b[39mlabel)\u001b[33m.\u001b[39mtoBe(\u001b[32m'Front Desk — Test Branch'\u001b[39m)\u001b[33m;\u001b[39m\n     \u001b[90m 386 |\u001b[39m       expect(res\u001b[33m.\u001b[39mbody\u001b[33m.\u001b[39mcredential\u001b[33m.\u001b[39musername)\u001b[33m.\u001b[39mtoBe(\u001b[32m'KIOSK-NEW-001'\u001b[39m)\u001b[33m;\u001b[39m\n     \u001b[90m 387 |\u001b[39m       expect(res\u001b[33m.\u001b[39mbody\u001b[33m.\u001b[39mcredential\u001b[33m.\u001b[39mbranch_name)\u001b[33m.\u001b[39mtoBe(kioskBranchName)\u001b[33m;\u001b[39m\u001b[0m\n\n      at Object.<anonymous> (tests/api/kiosk-attendance.test.ts:384:26)\n\n  ● Attendance Kiosk End-to-End (Backend) — Kiosk Credential Auth › POST /kiosk-credentials — CRUD › should list credentials with branch names\n\n    expect(received).toBeDefined()\n\n    Received: undefined\n\n    \u001b[0m \u001b[90m 413 |\u001b[39m       expect(creds\u001b[33m.\u001b[39mlength)\u001b[33m.\u001b[39mtoBeGreaterThanOrEqual(\u001b[35m2\u001b[39m)\u001b[33m;\u001b[39m \u001b[90m// the original + the new one\u001b[39m\n     \u001b[90m 414 |\u001b[39m       \u001b[36mconst\u001b[39m found \u001b[33m=\u001b[39m creds\u001b[33m.\u001b[39mfind(c \u001b[33m=>\u001b[39m c\u001b[33m.\u001b[39mid \u001b[33m===\u001b[39m newCredId)\u001b[33m;\u001b[39m\n    \u001b[31m\u001b[1m>\u001b[22m\u001b[39m\u001b[90m 415 |\u001b[39m       expect(found)\u001b[33m.\u001b[39mtoBeDefined()\u001b[33m;\u001b[39m\n     \u001b[90m     |\u001b[39m                     \u001b[31m\u001b[1m^\u001b[22m\u001b[39m\n     \u001b[90m 416 |\u001b[39m       expect(found\u001b[33m.\u001b[39mbranch_name)\u001b[33m.\u001b[39mtoBe(kioskBranchName)\u001b[33m;\u001b[39m\n     \u001b[90m 417 |\u001b[39m       expect(found)\u001b[33m.\u001b[39mnot\u001b[33m.\u001b[39mtoHaveProperty(\u001b[32m'password_hash'\u001b[39m)\u001b[33m;\u001b[39m\n     \u001b[90m 418 |\u001b[39m     })\u001b[33m;\u001b[39m\u001b[0m\n\n      at Object.<anonymous> (tests/api/kiosk-attendance.test.ts:415:21)\n\n  ● Attendance Kiosk End-to-End (Backend) — Kiosk Credential Auth › POST /kiosk-credentials — CRUD › should update label and branch\n\n    expect(received).toBe(expected) // Object.is equality\n\n    Expected: 200\n    Received: 500\n\n    \u001b[0m \u001b[90m 426 |\u001b[39m           branch_id\u001b[33m:\u001b[39m kioskBranchId\u001b[33m,\u001b[39m\n     \u001b[90m 427 |\u001b[39m         })\u001b[33m;\u001b[39m\n    \u001b[31m\u001b[1m>\u001b[22m\u001b[39m\u001b[90m 428 |\u001b[39m       expect(updateRes\u001b[33m.\u001b[39mstatus)\u001b[33m.\u001b[39mtoBe(\u001b[35m200\u001b[39m)\u001b[33m;\u001b[39m\n     \u001b[90m     |\u001b[39m                                \u001b[31m\u001b[1m^\u001b[22m\u001b[39m\n     \u001b[90m 429 |\u001b[39m       expect(updateRes\u001b[33m.\u001b[39mbody\u001b[33m.\u001b[39mcredential\u001b[33m.\u001b[39mlabel)\u001b[33m.\u001b[39mtoBe(\u001b[32m'Updated Label'\u001b[39m)\u001b[33m;\u001b[39m\n     \u001b[90m 430 |\u001b[39m       expect(updateRes\u001b[33m.\u001b[39mbody\u001b[33m.\u001b[39mcredential\u001b[33m.\u001b[39mcredential_version)\u001b[33m.\u001b[39mtoBe(\u001b[35m1\u001b[39m)\u001b[33m;\u001b[39m \u001b[90m// no password/active change = no bump\u001b[39m\n     \u001b[90m 431 |\u001b[39m     })\u001b[33m;\u001b[39m\u001b[0m\n\n      at Object.<anonymous> (tests/api/kiosk-attendance.test.ts:428:32)\n\n  ● Attendance Kiosk End-to-End (Backend) — Kiosk Credential Auth › POST /kiosk-credentials — CRUD › should bump credential_version on password change\n\n    expect(received).toBe(expected) // Object.is equality\n\n    Expected: 200\n    Received: 500\n\n    \u001b[0m \u001b[90m 436 |\u001b[39m         \u001b[33m.\u001b[39m\u001b[36mset\u001b[39m(\u001b[32m'Authorization'\u001b[39m\u001b[33m,\u001b[39m \u001b[32m`Bearer ${await getAdminToken()}`\u001b[39m)\n     \u001b[90m 437 |\u001b[39m         \u001b[33m.\u001b[39msend({ password\u001b[33m:\u001b[39m \u001b[32m'NewKiosk@123'\u001b[39m })\u001b[33m;\u001b[39m\n    \u001b[31m\u001b[1m>\u001b[22m\u001b[39m\u001b[90m 438 |\u001b[39m       expect(updateRes\u001b[33m.\u001b[39mstatus)\u001b[33m.\u001b[39mtoBe(\u001b[35m200\u001b[39m)\u001b[33m;\u001b[39m\n     \u001b[90m     |\u001b[39m                                \u001b[31m\u001b[1m^\u001b[22m\u001b[39m\n     \u001b[90m 439 |\u001b[39m       expect(updateRes\u001b[33m.\u001b[39mbody\u001b[33m.\u001b[39mcredential\u001b[33m.\u001b[39mcredential_version)\u001b[33m.\u001b[39mtoBe(\u001b[35m2\u001b[39m)\u001b[33m;\u001b[39m\n     \u001b[90m 440 |\u001b[39m\n     \u001b[90m 441 |\u001b[39m       \u001b[90m// Old token should be rejected\u001b[39m\u001b[0m\n\n      at Object.<anonymous> (tests/api/kiosk-attendance.test.ts:438:32)\n\n  ● Attendance Kiosk End-to-End (Backend) — Kiosk Credential Auth › POST /kiosk-credentials — CRUD › should deactivate and reactivate\n\n    expect(received).toBe(expected) // Object.is equality\n\n    Expected: 200\n    Received: 500\n\n    \u001b[0m \u001b[90m 457 |\u001b[39m         \u001b[33m.\u001b[39m\u001b[36mset\u001b[39m(\u001b[32m'Authorization'\u001b[39m\u001b[33m,\u001b[39m \u001b[32m`Bearer ${await getAdminToken()}`\u001b[39m)\n     \u001b[90m 458 |\u001b[39m         \u001b[33m.\u001b[39msend({ is_active\u001b[33m:\u001b[39m \u001b[36mfalse\u001b[39m })\u001b[33m;\u001b[39m\n    \u001b[31m\u001b[1m>\u001b[22m\u001b[39m\u001b[90m 459 |\u001b[39m       expect(deactRes\u001b[33m.\u001b[39mstatus)\u001b[33m.\u001b[39mtoBe(\u001b[35m200\u001b[39m)\u001b[33m;\u001b[39m\n     \u001b[90m     |\u001b[39m                               \u001b[31m\u001b[1m^\u001b[22m\u001b[39m\n     \u001b[90m 460 |\u001b[39m       expect(deactRes\u001b[33m.\u001b[39mbody\u001b[33m.\u001b[39mcredential\u001b[33m.\u001b[39mis_active)\u001b[33m.\u001b[39mtoBe(\u001b[36mfalse\u001b[39m)\u001b[33m;\u001b[39m\n     \u001b[90m 461 |\u001b[39m       expect(deactRes\u001b[33m.\u001b[39mbody\u001b[33m.\u001b[39mcredential\u001b[33m.\u001b[39mcredential_version)\u001b[33m.\u001b[39mtoBe(\u001b[35m3\u001b[39m)\u001b[33m;\u001b[39m \u001b[90m// active toggle bumps version\u001b[39m\n     \u001b[90m 462 |\u001b[39m\u001b[0m\n\n      at Object.<anonymous> (tests/api/kiosk-attendance.test.ts:459:31)\n","name":"D:\\HYD\\RRH PWA\\tests\\api\\kiosk-attendance.test.ts","startTime":1788116034330,"status":"failed","summary":""},{"assertionResults":[{"ancestorTitles":["Phase C - Role UAT Beta Acceptance"],"duration":294,"failureDetails":[],"failureMessages":[],"fullName":"Phase C - Role UAT Beta Acceptance [MD] EMPLOYEES_CREATE -> 201","invocations":1,"location":null,"numPassingAsserts":1,"retryReasons":[],"status":"passed","title":"[MD] EMPLOYEES_CREATE -> 201"},{"ancestorTitles":["Phase C - Role UAT Beta Acceptance"],"duration":51,"failureDetails":[],"failureMessages":[],"fullName":"Phase C - Role UAT Beta Acceptance [ADMIN] PROJECTS_CREATE -> 201","invocations":1,"location":null,"numPassingAsserts":1,"retryReasons":[],"status":"passed","title":"[ADMIN] PROJECTS_CREATE -> 201"},{"ancestorTitles":["Phase C - Role UAT Beta Acceptance"],"duration":16,"failureDetails":[],"failureMessages":[],"fullName":"Phase C - Role UAT Beta Acceptance [ADMIN] LEADS_CREATE -> 403","invocations":1,"location":null,"numPassingAsserts":1,"retryReasons":[],"status":"passed","title":"[ADMIN] LEADS_CREATE -> 403"},{"ancestorTitles":["Phase C - Role UAT Beta Acceptance"],"duration":103,"failureDetails":[],"failureMessages":[],"fullName":"Phase C - Role UAT Beta Acceptance [MARKETING_DIRECTOR] LEADS_CREATE -> 201","invocations":1,"location":null,"numPassingAsserts":1,"retryReasons":[],"status":"passed","title":"[MARKETING_DIRECTOR] LEADS_CREATE -> 201"},{"ancestorTitles":["Phase C - Role UAT Beta Acceptance"],"duration":14,"failureDetails":[],"failureMessages":[],"fullName":"Phase C - Role UAT Beta Acceptance [MARKETING_DIRECTOR] PROJECTS_CREATE -> 403","invocations":1,"location":null,"numPassingAsserts":1,"retryReasons":[],"status":"passed","title":"[MARKETING_DIRECTOR] PROJECTS_CREATE -> 403"},{"ancestorTitles":["Phase C - Role UAT Beta Acceptance"],"duration":42,"failureDetails":[],"failureMessages":[],"fullName":"Phase C - Role UAT Beta Acceptance [PROJECT_MANAGER] PROJECTS_CREATE -> 201","invocations":1,"location":null,"numPassingAsserts":1,"retryReasons":[],"status":"passed","title":"[PROJECT_MANAGER] PROJECTS_CREATE -> 201"},{"ancestorTitles":["Phase C - Role UAT Beta Acceptance"],"duration":14,"failureDetails":[],"failureMessages":[],"fullName":"Phase C - Role UAT Beta Acceptance [PROJECT_MANAGER] PROPERTIES_MD_APPROVE -> 403","invocations":1,"location":null,"numPassingAsserts":1,"retryReasons":[],"status":"passed","title":"[PROJECT_MANAGER] PROPERTIES_MD_APPROVE -> 403"},{"ancestorTitles":["Phase C - Role UAT Beta Acceptance"],"duration":82,"failureDetails":[],"failureMessages":[],"fullName":"Phase C - Role UAT Beta Acceptance [DIGITAL_LEAD_OPERATOR] LEADS_CREATE -> 201","invocations":1,"location":null,"numPassingAsserts":1,"retryReasons":[],"status":"passed","title":"[DIGITAL_LEAD_OPERATOR] LEADS_CREATE -> 201"},{"ancestorTitles":["Phase C - Role UAT Beta Acceptance"],"duration":13,"failureDetails":[],"failureMessages":[],"fullName":"Phase C - Role UAT Beta Acceptance [DIGITAL_LEAD_OPERATOR] PROJECTS_CREATE -> 403","invocations":1,"location":null,"numPassingAsserts":1,"retryReasons":[],"status":"passed","title":"[DIGITAL_LEAD_OPERATOR] PROJECTS_CREATE -> 403"},{"ancestorTitles":["Phase C - Role UAT Beta Acceptance"],"duration":73,"failureDetails":[],"failureMessages":[],"fullName":"Phase C - Role UAT Beta Acceptance [TELECALLER] LEADS_CREATE -> 201","invocations":1,"location":null,"numPassingAsserts":1,"retryReasons":[],"status":"passed","title":"[TELECALLER] LEADS_CREATE -> 201"},{"ancestorTitles":["Phase C - Role UAT Beta Acceptance"],"duration":14,"failureDetails":[],"failureMessages":[],"fullName":"Phase C - Role UAT Beta Acceptance [TELECALLER] BOOKINGS_CREATE -> 403","invocations":1,"location":null,"numPassingAsserts":1,"retryReasons":[],"status":"passed","title":"[TELECALLER] BOOKINGS_CREATE -> 403"},{"ancestorTitles":["Phase C - Role UAT Beta Acceptance"],"duration":13,"failureDetails":[],"failureMessages":[],"fullName":"Phase C - Role UAT Beta Acceptance [DIGITAL_MARKETING_HEAD] PROPERTIES_MD_APPROVE -> 403","invocations":1,"location":null,"numPassingAsserts":1,"retryReasons":[],"status":"passed","title":"[DIGITAL_MARKETING_HEAD] PROPERTIES_MD_APPROVE -> 403"},{"ancestorTitles":["Phase C - Role UAT Beta Acceptance"],"duration":282,"failureDetails":[],"failureMessages":[],"fullName":"Phase C - Role UAT Beta Acceptance [HR_MANAGER] EMPLOYEES_CREATE -> 201","invocations":1,"location":null,"numPassingAsserts":1,"retryReasons":[],"status":"passed","title":"[HR_MANAGER] EMPLOYEES_CREATE -> 201"},{"ancestorTitles":["Phase C - Role UAT Beta Acceptance"],"duration":14,"failureDetails":[],"failureMessages":[],"fullName":"Phase C - Role UAT Beta Acceptance [HR_MANAGER] PROJECTS_CREATE -> 403","invocations":1,"location":null,"numPassingAsserts":1,"retryReasons":[],"status":"passed","title":"[HR_MANAGER] PROJECTS_CREATE -> 403"},{"ancestorTitles":["Phase C - Role UAT Beta Acceptance"],"duration":21,"failureDetails":[{"matcherResult":{"actual":404,"expected":201,"message":"expect(received).toBe(expected) // Object.is equality\n\nExpected: 201\nReceived: 404","name":"toBe","pass":false}}],"failureMessages":["Error: expect(received).toBe(expected) // Object.is equality\n\nExpected: 201\nReceived: 404\n    at Object.<anonymous> (D:\\HYD\\RRH PWA\\tests\\api\\phase_c_role_uat.test.ts:209:24)\n    at processTicksAndRejections (node:internal/process/task_queues:104:5)"],"fullName":"Phase C - Role UAT Beta Acceptance [FINANCE] PAYMENTS_CREATE -> 201","invocations":1,"location":null,"numPassingAsserts":0,"retryReasons":[],"status":"failed","title":"[FINANCE] PAYMENTS_CREATE -> 201"},{"ancestorTitles":["Phase C - Role UAT Beta Acceptance"],"duration":13,"failureDetails":[],"failureMessages":[],"fullName":"Phase C - Role UAT Beta Acceptance [FINANCE] LEADS_CREATE -> 403","invocations":1,"location":null,"numPassingAsserts":1,"retryReasons":[],"status":"passed","title":"[FINANCE] LEADS_CREATE -> 403"},{"ancestorTitles":["Phase C - Role UAT Beta Acceptance"],"duration":20,"failureDetails":[{"matcherResult":{"actual":403,"expected":201,"message":"expect(received).toBe(expected) // Object.is equality\n\nExpected: 201\nReceived: 403","name":"toBe","pass":false}}],"failureMessages":["Error: expect(received).toBe(expected) // Object.is equality\n\nExpected: 201\nReceived: 403\n    at Object.<anonymous> (D:\\HYD\\RRH PWA\\tests\\api\\phase_c_role_uat.test.ts:223:24)\n    at processTicksAndRejections (node:internal/process/task_queues:104:5)"],"fullName":"Phase C - Role UAT Beta Acceptance [AGENT] COMPLAINTS_CREATE -> 201","invocations":1,"location":null,"numPassingAsserts":0,"retryReasons":[],"status":"failed","title":"[AGENT] COMPLAINTS_CREATE -> 201"},{"ancestorTitles":["Phase C - Role UAT Beta Acceptance"],"duration":13,"failureDetails":[],"failureMessages":[],"fullName":"Phase C - Role UAT Beta Acceptance [AGENT] TASKS_CREATE -> 403","invocations":1,"location":null,"numPassingAsserts":1,"retryReasons":[],"status":"passed","title":"[AGENT] TASKS_CREATE -> 403"},{"ancestorTitles":["Phase C - Role UAT Beta Acceptance"],"duration":24,"failureDetails":[],"failureMessages":[],"fullName":"Phase C - Role UAT Beta Acceptance [DIGITAL_MARKETING_EXECUTIVE] SITE_VISITS_READ -> 200","invocations":1,"location":null,"numPassingAsserts":1,"retryReasons":[],"status":"passed","title":"[DIGITAL_MARKETING_EXECUTIVE] SITE_VISITS_READ -> 200"},{"ancestorTitles":["Phase C - Role UAT Beta Acceptance"],"duration":13,"failureDetails":[],"failureMessages":[],"fullName":"Phase C - Role UAT Beta Acceptance [DIGITAL_MARKETING_EXECUTIVE] LEADS_CREATE -> 403","invocations":1,"location":null,"numPassingAsserts":1,"retryReasons":[],"status":"passed","title":"[DIGITAL_MARKETING_EXECUTIVE] LEADS_CREATE -> 403"},{"ancestorTitles":["Phase C - Role UAT Beta Acceptance"],"duration":20,"failureDetails":[{"matcherResult":{"actual":404,"expected":201,"message":"expect(received).toBe(expected) // Object.is equality\n\nExpected: 201\nReceived: 404","name":"toBe","pass":false}}],"failureMessages":["Error: expect(received).toBe(expected) // Object.is equality\n\nExpected: 201\nReceived: 404\n    at Object.<anonymous> (D:\\HYD\\RRH PWA\\tests\\api\\phase_c_role_uat.test.ts:251:24)\n    at processTicksAndRejections (node:internal/process/task_queues:104:5)"],"fullName":"Phase C - Role UAT Beta Acceptance [SALES_MANAGER] TASKS_CREATE -> 201","invocations":1,"location":null,"numPassingAsserts":0,"retryReasons":[],"status":"failed","title":"[SALES_MANAGER] TASKS_CREATE -> 201"},{"ancestorTitles":["Phase C - Role UAT Beta Acceptance"],"duration":13,"failureDetails":[],"failureMessages":[],"fullName":"Phase C - Role UAT Beta Acceptance [SALES_MANAGER] PAYMENTS_CREATE -> 403","invocations":1,"location":null,"numPassingAsserts":1,"retryReasons":[],"status":"passed","title":"[SALES_MANAGER] PAYMENTS_CREATE -> 403"}],"endTime":1788116047583,"message":"  ● Phase C - Role UAT Beta Acceptance › [FINANCE] PAYMENTS_CREATE -> 201\n\n    expect(received).toBe(expected) // Object.is equality\n\n    Expected: 201\n    Received: 404\n\n    \u001b[0m \u001b[90m 207 |\u001b[39m         reference_number\u001b[33m:\u001b[39m \u001b[32m'TXN123'\u001b[39m\n     \u001b[90m 208 |\u001b[39m       })\u001b[33m;\u001b[39m\n    \u001b[31m\u001b[1m>\u001b[22m\u001b[39m\u001b[90m 209 |\u001b[39m     expect(res\u001b[33m.\u001b[39mstatus)\u001b[33m.\u001b[39mtoBe(\u001b[35m201\u001b[39m)\u001b[33m;\u001b[39m\n     \u001b[90m     |\u001b[39m                        \u001b[31m\u001b[1m^\u001b[22m\u001b[39m\n     \u001b[90m 210 |\u001b[39m   })\u001b[33m;\u001b[39m\n     \u001b[90m 211 |\u001b[39m\n     \u001b[90m 212 |\u001b[39m   \u001b[90m// 16. FINANCE - Negative\u001b[39m\u001b[0m\n\n      at Object.<anonymous> (tests/api/phase_c_role_uat.test.ts:209:24)\n\n  ● Phase C - Role UAT Beta Acceptance › [AGENT] COMPLAINTS_CREATE -> 201\n\n    expect(received).toBe(expected) // Object.is equality\n\n    Expected: 201\n    Received: 403\n\n    \u001b[0m \u001b[90m 221 |\u001b[39m     \u001b[36mconst\u001b[39m res \u001b[33m=\u001b[39m \u001b[36mawait\u001b[39m request(app)\u001b[33m.\u001b[39mpost(\u001b[32m'/api/v1/complaints'\u001b[39m)\u001b[33m.\u001b[39m\u001b[36mset\u001b[39m(\u001b[32m'Authorization'\u001b[39m\u001b[33m,\u001b[39m \u001b[32m`Bearer ${getToken(Roles.AGENT)}`\u001b[39m)\n     \u001b[90m 222 |\u001b[39m       \u001b[33m.\u001b[39msend({ customer_id\u001b[33m:\u001b[39m baseCustomerId\u001b[33m,\u001b[39m title\u001b[33m:\u001b[39m \u001b[32m'Test Complaint'\u001b[39m })\u001b[33m;\u001b[39m\n    \u001b[31m\u001b[1m>\u001b[22m\u001b[39m\u001b[90m 223 |\u001b[39m     expect(res\u001b[33m.\u001b[39mstatus)\u001b[33m.\u001b[39mtoBe(\u001b[35m201\u001b[39m)\u001b[33m;\u001b[39m\n     \u001b[90m     |\u001b[39m                        \u001b[31m\u001b[1m^\u001b[22m\u001b[39m\n     \u001b[90m 224 |\u001b[39m   })\u001b[33m;\u001b[39m\n     \u001b[90m 225 |\u001b[39m\n     \u001b[90m 226 |\u001b[39m   \u001b[90m// 18. AGENT - Negative\u001b[39m\u001b[0m\n\n      at Object.<anonymous> (tests/api/phase_c_role_uat.test.ts:223:24)\n\n  ● Phase C - Role UAT Beta Acceptance › [SALES_MANAGER] TASKS_CREATE -> 201\n\n    expect(received).toBe(expected) // Object.is equality\n\n    Expected: 201\n    Received: 404\n\n    \u001b[0m \u001b[90m 249 |\u001b[39m     \u001b[36mconst\u001b[39m res \u001b[33m=\u001b[39m \u001b[36mawait\u001b[39m request(app)\u001b[33m.\u001b[39mpost(\u001b[32m'/api/v1/tasks'\u001b[39m)\u001b[33m.\u001b[39m\u001b[36mset\u001b[39m(\u001b[32m'Authorization'\u001b[39m\u001b[33m,\u001b[39m \u001b[32m`Bearer ${getToken(Roles.SALES_MANAGER)}`\u001b[39m)\n     \u001b[90m 250 |\u001b[39m       \u001b[33m.\u001b[39msend({ title\u001b[33m:\u001b[39m \u001b[32m'SM Task'\u001b[39m\u001b[33m,\u001b[39m priority\u001b[33m:\u001b[39m \u001b[32m'HIGH'\u001b[39m\u001b[33m,\u001b[39m lead_id\u001b[33m:\u001b[39m baseLeadId\u001b[33m,\u001b[39m assignee_id\u001b[33m:\u001b[39m pmUserId\u001b[33m,\u001b[39m deadline\u001b[33m:\u001b[39m \u001b[36mnew\u001b[39m \u001b[33mDate\u001b[39m()\u001b[33m.\u001b[39mtoISOString() })\u001b[33m;\u001b[39m\n    \u001b[31m\u001b[1m>\u001b[22m\u001b[39m\u001b[90m 251 |\u001b[39m     expect(res\u001b[33m.\u001b[39mstatus)\u001b[33m.\u001b[39mtoBe(\u001b[35m201\u001b[39m)\u001b[33m;\u001b[39m\n     \u001b[90m     |\u001b[39m                        \u001b[31m\u001b[1m^\u001b[22m\u001b[39m\n     \u001b[90m 252 |\u001b[39m   })\u001b[33m;\u001b[39m\n     \u001b[90m 253 |\u001b[39m\n     \u001b[90m 254 |\u001b[39m   \u001b[90m// 22. SALES_MANAGER - Negative\u001b[39m\u001b[0m\n\n      at Object.<anonymous> (tests/api/phase_c_role_uat.test.ts:251:24)\n","name":"D:\\HYD\\RRH PWA\\tests\\api\\phase_c_role_uat.test.ts","startTime":1788116042081,"status":"failed","summary":""},{"assertionResults":[{"ancestorTitles":["MASTER BETA REGRESSION — Tenant Isolation & Authorization","AUTHORIZATION ENGINE (can() tests)"],"duration":1,"failureDetails":[],"failureMessages":[],"fullName":"MASTER BETA REGRESSION — Tenant Isolation & Authorization AUTHORIZATION ENGINE (can() tests) 1. Unknown permission -> DENY","invocations":1,"location":null,"numPassingAsserts":1,"retryReasons":[],"status":"passed","title":"1. Unknown permission -> DENY"},{"ancestorTitles":["MASTER BETA REGRESSION — Tenant Isolation & Authorization","AUTHORIZATION ENGINE (can() tests)"],"duration":0,"failureDetails":[],"failureMessages":[],"fullName":"MASTER BETA REGRESSION — Tenant Isolation & Authorization AUTHORIZATION ENGINE (can() tests) 2. Unknown permission + same company resource -> DENY","invocations":1,"location":null,"numPassingAsserts":1,"retryReasons":[],"status":"passed","title":"2. Unknown permission + same company resource -> DENY"},{"ancestorTitles":["MASTER BETA REGRESSION — Tenant Isolation & Authorization","AUTHORIZATION ENGINE (can() tests)"],"duration":1,"failureDetails":[],"failureMessages":[],"fullName":"MASTER BETA REGRESSION — Tenant Isolation & Authorization AUTHORIZATION ENGINE (can() tests) 3. Unknown permission + missing company_id -> DENY","invocations":1,"location":null,"numPassingAsserts":1,"retryReasons":[],"status":"passed","title":"3. Unknown permission + missing company_id -> DENY"},{"ancestorTitles":["MASTER BETA REGRESSION — Tenant Isolation & Authorization","AUTHORIZATION ENGINE (can() tests)"],"duration":0,"failureDetails":[],"failureMessages":[],"fullName":"MASTER BETA REGRESSION — Tenant Isolation & Authorization AUTHORIZATION ENGINE (can() tests) 4. Unknown permission + foreign company resource -> DENY","invocations":1,"location":null,"numPassingAsserts":1,"retryReasons":[],"status":"passed","title":"4. Unknown permission + foreign company resource -> DENY"},{"ancestorTitles":["MASTER BETA REGRESSION — Tenant Isolation & Authorization","TENANT ISOLATION"],"duration":24,"failureDetails":[],"failureMessages":[],"fullName":"MASTER BETA REGRESSION — Tenant Isolation & Authorization TENANT ISOLATION 5. GET foreign lead -> not found","invocations":1,"location":null,"numPassingAsserts":1,"retryReasons":[],"status":"passed","title":"5. GET foreign lead -> not found"},{"ancestorTitles":["MASTER BETA REGRESSION — Tenant Isolation & Authorization","TENANT ISOLATION"],"duration":20,"failureDetails":[],"failureMessages":[],"fullName":"MASTER BETA REGRESSION — Tenant Isolation & Authorization TENANT ISOLATION 6. PATCH foreign lead -> not found","invocations":1,"location":null,"numPassingAsserts":1,"retryReasons":[],"status":"passed","title":"6. PATCH foreign lead -> not found"},{"ancestorTitles":["MASTER BETA REGRESSION — Tenant Isolation & Authorization","TENANT ISOLATION"],"duration":20,"failureDetails":[],"failureMessages":[],"fullName":"MASTER BETA REGRESSION — Tenant Isolation & Authorization TENANT ISOLATION 7. DELETE foreign lead -> not found (not implemented, but testing any foreign mutation)","invocations":1,"location":null,"numPassingAsserts":1,"retryReasons":[],"status":"passed","title":"7. DELETE foreign lead -> not found (not implemented, but testing any foreign mutation)"},{"ancestorTitles":["MASTER BETA REGRESSION — Tenant Isolation & Authorization","TENANT ISOLATION"],"duration":35,"failureDetails":[{"matcherResult":{"actual":403,"expected":404,"message":"expect(received).toBe(expected) // Object.is equality\n\nExpected: 404\nReceived: 403","name":"toBe","pass":false}}],"failureMessages":["Error: expect(received).toBe(expected) // Object.is equality\n\nExpected: 404\nReceived: 403\n    at Object.<anonymous> (D:\\HYD\\RRH PWA\\tests\\api\\master-authorization-regression.test.ts:267:26)\n    at processTicksAndRejections (node:internal/process/task_queues:104:5)"],"fullName":"MASTER BETA REGRESSION — Tenant Isolation & Authorization TENANT ISOLATION 8. GET foreign opportunity -> not found","invocations":1,"location":null,"numPassingAsserts":0,"retryReasons":[],"status":"failed","title":"8. GET foreign opportunity -> not found"},{"ancestorTitles":["MASTER BETA REGRESSION — Tenant Isolation & Authorization","TENANT ISOLATION"],"duration":21,"failureDetails":[{"matcherResult":{"actual":403,"expected":404,"message":"expect(received).toBe(expected) // Object.is equality\n\nExpected: 404\nReceived: 403","name":"toBe","pass":false}}],"failureMessages":["Error: expect(received).toBe(expected) // Object.is equality\n\nExpected: 404\nReceived: 403\n    at Object.<anonymous> (D:\\HYD\\RRH PWA\\tests\\api\\master-authorization-regression.test.ts:272:26)\n    at processTicksAndRejections (node:internal/process/task_queues:104:5)"],"fullName":"MASTER BETA REGRESSION — Tenant Isolation & Authorization TENANT ISOLATION 9. PATCH foreign opportunity -> not found","invocations":1,"location":null,"numPassingAsserts":0,"retryReasons":[],"status":"failed","title":"9. PATCH foreign opportunity -> not found"},{"ancestorTitles":["MASTER BETA REGRESSION — Tenant Isolation & Authorization","TENANT ISOLATION"],"duration":11,"failureDetails":[],"failureMessages":[],"fullName":"MASTER BETA REGRESSION — Tenant Isolation & Authorization TENANT ISOLATION 10. GET/verify foreign document -> not found","invocations":1,"location":null,"numPassingAsserts":1,"retryReasons":[],"status":"passed","title":"10. GET/verify foreign document -> not found"},{"ancestorTitles":["MASTER BETA REGRESSION — Tenant Isolation & Authorization","RELATIONSHIPS"],"duration":19,"failureDetails":[],"failureMessages":[],"fullName":"MASTER BETA REGRESSION — Tenant Isolation & Authorization RELATIONSHIPS 11. Company A cannot create task against Company B lead","invocations":1,"location":null,"numPassingAsserts":1,"retryReasons":[],"status":"passed","title":"11. Company A cannot create task against Company B lead"},{"ancestorTitles":["MASTER BETA REGRESSION — Tenant Isolation & Authorization","RELATIONSHIPS"],"duration":17,"failureDetails":[],"failureMessages":[],"fullName":"MASTER BETA REGRESSION — Tenant Isolation & Authorization RELATIONSHIPS 12. Company A cannot assign task to Company B employee","invocations":1,"location":null,"numPassingAsserts":1,"retryReasons":[],"status":"passed","title":"12. Company A cannot assign task to Company B employee"},{"ancestorTitles":["MASTER BETA REGRESSION — Tenant Isolation & Authorization","RELATIONSHIPS"],"duration":50,"failureDetails":[{"matcherResult":{"actual":201,"expected":404,"message":"expect(received).toBe(expected) // Object.is equality\n\nExpected: 404\nReceived: 201","name":"toBe","pass":false}}],"failureMessages":["Error: expect(received).toBe(expected) // Object.is equality\n\nExpected: 404\nReceived: 201\n    at Object.<anonymous> (D:\\HYD\\RRH PWA\\tests\\api\\master-authorization-regression.test.ts:316:26)\n    at processTicksAndRejections (node:internal/process/task_queues:104:5)"],"fullName":"MASTER BETA REGRESSION — Tenant Isolation & Authorization RELATIONSHIPS 13. Company A cannot attach Company B opportunity","invocations":1,"location":null,"numPassingAsserts":0,"retryReasons":[],"status":"failed","title":"13. Company A cannot attach Company B opportunity"},{"ancestorTitles":["MASTER BETA REGRESSION — Tenant Isolation & Authorization","RELATIONSHIPS"],"duration":12,"failureDetails":[],"failureMessages":[],"fullName":"MASTER BETA REGRESSION — Tenant Isolation & Authorization RELATIONSHIPS 14. Company A cannot modify foreign relationships (Site visit against Comp B Lead)","invocations":1,"location":null,"numPassingAsserts":1,"retryReasons":[],"status":"passed","title":"14. Company A cannot modify foreign relationships (Site visit against Comp B Lead)"},{"ancestorTitles":["MASTER BETA REGRESSION — Tenant Isolation & Authorization","RBAC"],"duration":73,"failureDetails":[],"failureMessages":[],"fullName":"MASTER BETA REGRESSION — Tenant Isolation & Authorization RBAC 15. TELECALLER allowed to create leads if permission matrix says so","invocations":1,"location":null,"numPassingAsserts":1,"retryReasons":[],"status":"passed","title":"15. TELECALLER allowed to create leads if permission matrix says so"},{"ancestorTitles":["MASTER BETA REGRESSION — Tenant Isolation & Authorization","RBAC"],"duration":19,"failureDetails":[],"failureMessages":[],"fullName":"MASTER BETA REGRESSION — Tenant Isolation & Authorization RBAC 16. MD allowed required lead management operations","invocations":1,"location":null,"numPassingAsserts":1,"retryReasons":[],"status":"passed","title":"16. MD allowed required lead management operations"},{"ancestorTitles":["MASTER BETA REGRESSION — Tenant Isolation & Authorization","RBAC"],"duration":10,"failureDetails":[],"failureMessages":[],"fullName":"MASTER BETA REGRESSION — Tenant Isolation & Authorization RBAC 17. FINANCE-only endpoint denied to TELECALLER","invocations":1,"location":null,"numPassingAsserts":1,"retryReasons":[],"status":"passed","title":"17. FINANCE-only endpoint denied to TELECALLER"},{"ancestorTitles":["MASTER BETA REGRESSION — Tenant Isolation & Authorization","RBAC"],"duration":11,"failureDetails":[],"failureMessages":[],"fullName":"MASTER BETA REGRESSION — Tenant Isolation & Authorization RBAC 18. HR-sensitive endpoint denied to TELECALLER","invocations":1,"location":null,"numPassingAsserts":1,"retryReasons":[],"status":"passed","title":"18. HR-sensitive endpoint denied to TELECALLER"},{"ancestorTitles":["MASTER BETA REGRESSION — Tenant Isolation & Authorization","RBAC"],"duration":17,"failureDetails":[],"failureMessages":[],"fullName":"MASTER BETA REGRESSION — Tenant Isolation & Authorization RBAC 19. KYC write denied to unauthorized roles","invocations":1,"location":null,"numPassingAsserts":1,"retryReasons":[],"status":"passed","title":"19. KYC write denied to unauthorized roles"},{"ancestorTitles":["MASTER BETA REGRESSION — Tenant Isolation & Authorization","RBAC"],"duration":10,"failureDetails":[],"failureMessages":[],"fullName":"MASTER BETA REGRESSION — Tenant Isolation & Authorization RBAC 20. ADMIN behavior remains correct (can do admin stuff)","invocations":1,"location":null,"numPassingAsserts":1,"retryReasons":[],"status":"passed","title":"20. ADMIN behavior remains correct (can do admin stuff)"},{"ancestorTitles":["MASTER BETA REGRESSION — Tenant Isolation & Authorization","CUSTOMER KYC TENANT ISOLATION"],"duration":15,"failureDetails":[],"failureMessages":[],"fullName":"MASTER BETA REGRESSION — Tenant Isolation & Authorization CUSTOMER KYC TENANT ISOLATION 21. Company A cannot write KYC for a Company B customer","invocations":1,"location":null,"numPassingAsserts":1,"retryReasons":[],"status":"passed","title":"21. Company A cannot write KYC for a Company B customer"},{"ancestorTitles":["MASTER BETA REGRESSION — Tenant Isolation & Authorization","CUSTOMER KYC TENANT ISOLATION"],"duration":32,"failureDetails":[],"failureMessages":[],"fullName":"MASTER BETA REGRESSION — Tenant Isolation & Authorization CUSTOMER KYC TENANT ISOLATION 22. Company A can write KYC for its own customer","invocations":1,"location":null,"numPassingAsserts":1,"retryReasons":[],"status":"passed","title":"22. Company A can write KYC for its own customer"},{"ancestorTitles":["MASTER BETA REGRESSION — Tenant Isolation & Authorization","ATTRIBUTION"],"duration":71,"failureDetails":[],"failureMessages":[],"fullName":"MASTER BETA REGRESSION — Tenant Isolation & Authorization ATTRIBUTION 23. created_by_id cannot be spoofed","invocations":1,"location":null,"numPassingAsserts":2,"retryReasons":[],"status":"passed","title":"23. created_by_id cannot be spoofed"},{"ancestorTitles":["MASTER BETA REGRESSION — Tenant Isolation & Authorization","ATTRIBUTION"],"duration":76,"failureDetails":[{"matcherResult":{"actual":2,"expected":1,"message":"expect(received).toBe(expected) // Object.is equality\n\nExpected: 1\nReceived: 2","name":"toBe","pass":false}}],"failureMessages":["Error: expect(received).toBe(expected) // Object.is equality\n\nExpected: 1\nReceived: 2\n    at Object.<anonymous> (D:\\HYD\\RRH PWA\\tests\\api\\master-authorization-regression.test.ts:408:40)\n    at processTicksAndRejections (node:internal/process/task_queues:104:5)"],"fullName":"MASTER BETA REGRESSION — Tenant Isolation & Authorization ATTRIBUTION 24. company_id cannot be spoofed","invocations":1,"location":null,"numPassingAsserts":1,"retryReasons":[],"status":"failed","title":"24. company_id cannot be spoofed"},{"ancestorTitles":["MASTER BETA REGRESSION — Tenant Isolation & Authorization","ATTRIBUTION"],"duration":68,"failureDetails":[],"failureMessages":[],"fullName":"MASTER BETA REGRESSION — Tenant Isolation & Authorization ATTRIBUTION 25. assignee/company boundaries cannot be bypassed","invocations":1,"location":null,"numPassingAsserts":2,"retryReasons":[],"status":"passed","title":"25. assignee/company boundaries cannot be bypassed"},{"ancestorTitles":["MASTER BETA REGRESSION — Tenant Isolation & Authorization","CROSS-TENANT MUTATION PROTECTION - HIGH PRIORITY ENDPOINTS"],"duration":21,"failureDetails":[{"matcherResult":{"actual":200,"expected":404,"message":"expect(received).toBe(expected) // Object.is equality\n\nExpected: 404\nReceived: 200","name":"toBe","pass":false}}],"failureMessages":["Error: expect(received).toBe(expected) // Object.is equality\n\nExpected: 404\nReceived: 200\n    at Object.<anonymous> (D:\\HYD\\RRH PWA\\tests\\api\\master-authorization-regression.test.ts:431:26)\n    at processTicksAndRejections (node:internal/process/task_queues:104:5)"],"fullName":"MASTER BETA REGRESSION — Tenant Isolation & Authorization CROSS-TENANT MUTATION PROTECTION - HIGH PRIORITY ENDPOINTS 26. Company A cannot PUT Company B project","invocations":1,"location":null,"numPassingAsserts":0,"retryReasons":[],"status":"failed","title":"26. Company A cannot PUT Company B project"},{"ancestorTitles":["MASTER BETA REGRESSION — Tenant Isolation & Authorization","CROSS-TENANT MUTATION PROTECTION - HIGH PRIORITY ENDPOINTS"],"duration":20,"failureDetails":[{"matcherResult":{"actual":200,"expected":404,"message":"expect(received).toBe(expected) // Object.is equality\n\nExpected: 404\nReceived: 200","name":"toBe","pass":false}}],"failureMessages":["Error: expect(received).toBe(expected) // Object.is equality\n\nExpected: 404\nReceived: 200\n    at Object.<anonymous> (D:\\HYD\\RRH PWA\\tests\\api\\master-authorization-regression.test.ts:439:26)\n    at processTicksAndRejections (node:internal/process/task_queues:104:5)"],"fullName":"MASTER BETA REGRESSION — Tenant Isolation & Authorization CROSS-TENANT MUTATION PROTECTION - HIGH PRIORITY ENDPOINTS 27. Company A cannot DELETE Company B project","invocations":1,"location":null,"numPassingAsserts":0,"retryReasons":[],"status":"failed","title":"27. Company A cannot DELETE Company B project"},{"ancestorTitles":["MASTER BETA REGRESSION — Tenant Isolation & Authorization","CROSS-TENANT MUTATION PROTECTION - HIGH PRIORITY ENDPOINTS"],"duration":15,"failureDetails":[],"failureMessages":[],"fullName":"MASTER BETA REGRESSION — Tenant Isolation & Authorization CROSS-TENANT MUTATION PROTECTION - HIGH PRIORITY ENDPOINTS 28. Company A cannot PUT assign Company B project","invocations":1,"location":null,"numPassingAsserts":1,"retryReasons":[],"status":"passed","title":"28. Company A cannot PUT assign Company B project"},{"ancestorTitles":["MASTER BETA REGRESSION — Tenant Isolation & Authorization","CROSS-TENANT MUTATION PROTECTION - HIGH PRIORITY ENDPOINTS"],"duration":30,"failureDetails":[{"matcherResult":{"message":"expect(received).toContain(expected) // indexOf\n\nExpected value: 200\nReceived array: [403, 404]","pass":false}}],"failureMessages":["Error: expect(received).toContain(expected) // indexOf\n\nExpected value: 200\nReceived array: [403, 404]\n    at Object.<anonymous> (D:\\HYD\\RRH PWA\\tests\\api\\master-authorization-regression.test.ts:458:26)\n    at processTicksAndRejections (node:internal/process/task_queues:104:5)"],"fullName":"MASTER BETA REGRESSION — Tenant Isolation & Authorization CROSS-TENANT MUTATION PROTECTION - HIGH PRIORITY ENDPOINTS 29. Company A cannot PUT Company B property","invocations":1,"location":null,"numPassingAsserts":0,"retryReasons":[],"status":"failed","title":"29. Company A cannot PUT Company B property"},{"ancestorTitles":["MASTER BETA REGRESSION — Tenant Isolation & Authorization","CROSS-TENANT MUTATION PROTECTION - HIGH PRIORITY ENDPOINTS"],"duration":27,"failureDetails":[{"matcherResult":{"message":"expect(received).toContain(expected) // indexOf\n\nExpected value: 200\nReceived array: [403, 404]","pass":false}}],"failureMessages":["Error: expect(received).toContain(expected) // indexOf\n\nExpected value: 200\nReceived array: [403, 404]\n    at Object.<anonymous> (D:\\HYD\\RRH PWA\\tests\\api\\master-authorization-regression.test.ts:467:26)\n    at processTicksAndRejections (node:internal/process/task_queues:104:5)"],"fullName":"MASTER BETA REGRESSION — Tenant Isolation & Authorization CROSS-TENANT MUTATION PROTECTION - HIGH PRIORITY ENDPOINTS 30. Company A cannot PUT Company B property image","invocations":1,"location":null,"numPassingAsserts":0,"retryReasons":[],"status":"failed","title":"30. Company A cannot PUT Company B property image"},{"ancestorTitles":["MASTER BETA REGRESSION — Tenant Isolation & Authorization","CROSS-TENANT MUTATION PROTECTION - HIGH PRIORITY ENDPOINTS"],"duration":31,"failureDetails":[{"matcherResult":{"message":"expect(received).toContain(expected) // indexOf\n\nExpected value: 200\nReceived array: [403, 404]","pass":false}}],"failureMessages":["Error: expect(received).toContain(expected) // indexOf\n\nExpected value: 200\nReceived array: [403, 404]\n    at Object.<anonymous> (D:\\HYD\\RRH PWA\\tests\\api\\master-authorization-regression.test.ts:475:26)\n    at processTicksAndRejections (node:internal/process/task_queues:104:5)"],"fullName":"MASTER BETA REGRESSION — Tenant Isolation & Authorization CROSS-TENANT MUTATION PROTECTION - HIGH PRIORITY ENDPOINTS 31. Company A cannot DELETE Company B property image","invocations":1,"location":null,"numPassingAsserts":0,"retryReasons":[],"status":"failed","title":"31. Company A cannot DELETE Company B property image"},{"ancestorTitles":["MASTER BETA REGRESSION — Tenant Isolation & Authorization","CROSS-TENANT MUTATION PROTECTION - HIGH PRIORITY ENDPOINTS"],"duration":13,"failureDetails":[],"failureMessages":[],"fullName":"MASTER BETA REGRESSION — Tenant Isolation & Authorization CROSS-TENANT MUTATION PROTECTION - HIGH PRIORITY ENDPOINTS 32. Company A cannot PATCH Company B opportunity stage","invocations":1,"location":null,"numPassingAsserts":1,"retryReasons":[],"status":"passed","title":"32. Company A cannot PATCH Company B opportunity stage"},{"ancestorTitles":["MASTER BETA REGRESSION — Tenant Isolation & Authorization","CROSS-TENANT MUTATION PROTECTION - HIGH PRIORITY ENDPOINTS"],"duration":14,"failureDetails":[],"failureMessages":[],"fullName":"MASTER BETA REGRESSION — Tenant Isolation & Authorization CROSS-TENANT MUTATION PROTECTION - HIGH PRIORITY ENDPOINTS 33. Company A cannot PATCH Company B task status","invocations":1,"location":null,"numPassingAsserts":1,"retryReasons":[],"status":"passed","title":"33. Company A cannot PATCH Company B task status"},{"ancestorTitles":["MASTER BETA REGRESSION — Tenant Isolation & Authorization","CROSS-TENANT MUTATION PROTECTION - HIGH PRIORITY ENDPOINTS"],"duration":16,"failureDetails":[],"failureMessages":[],"fullName":"MASTER BETA REGRESSION — Tenant Isolation & Authorization CROSS-TENANT MUTATION PROTECTION - HIGH PRIORITY ENDPOINTS 34. Company A cannot PATCH Company B customer","invocations":1,"location":null,"numPassingAsserts":1,"retryReasons":[],"status":"passed","title":"34. Company A cannot PATCH Company B customer"},{"ancestorTitles":["MASTER BETA REGRESSION — Tenant Isolation & Authorization","CROSS-TENANT MUTATION PROTECTION - HIGH PRIORITY ENDPOINTS"],"duration":22,"failureDetails":[{"matcherResult":{"message":"expect(received).toContain(expected) // indexOf\n\nExpected value: 200\nReceived array: [403, 404]","pass":false}}],"failureMessages":["Error: expect(received).toContain(expected) // indexOf\n\nExpected value: 200\nReceived array: [403, 404]\n    at Object.<anonymous> (D:\\HYD\\RRH PWA\\tests\\api\\master-authorization-regression.test.ts:515:26)\n    at processTicksAndRejections (node:internal/process/task_queues:104:5)"],"fullName":"MASTER BETA REGRESSION — Tenant Isolation & Authorization CROSS-TENANT MUTATION PROTECTION - HIGH PRIORITY ENDPOINTS 35. Company A cannot PATCH Company B complaint","invocations":1,"location":null,"numPassingAsserts":0,"retryReasons":[],"status":"failed","title":"35. Company A cannot PATCH Company B complaint"},{"ancestorTitles":["MASTER BETA REGRESSION — Tenant Isolation & Authorization","CROSS-TENANT MUTATION PROTECTION - HIGH PRIORITY ENDPOINTS"],"duration":26,"failureDetails":[{"matcherResult":{"message":"expect(received).toContain(expected) // indexOf\n\nExpected value: 200\nReceived array: [403, 404]","pass":false}}],"failureMessages":["Error: expect(received).toContain(expected) // indexOf\n\nExpected value: 200\nReceived array: [403, 404]\n    at Object.<anonymous> (D:\\HYD\\RRH PWA\\tests\\api\\master-authorization-regression.test.ts:524:26)\n    at processTicksAndRejections (node:internal/process/task_queues:104:5)"],"fullName":"MASTER BETA REGRESSION — Tenant Isolation & Authorization CROSS-TENANT MUTATION PROTECTION - HIGH PRIORITY ENDPOINTS 36. Company A cannot PATCH Company B complaint status","invocations":1,"location":null,"numPassingAsserts":0,"retryReasons":[],"status":"failed","title":"36. Company A cannot PATCH Company B complaint status"},{"ancestorTitles":["MASTER BETA REGRESSION — Tenant Isolation & Authorization","CROSS-TENANT MUTATION PROTECTION - HIGH PRIORITY ENDPOINTS"],"duration":29,"failureDetails":[{"matcherResult":{"message":"expect(received).toContain(expected) // indexOf\n\nExpected value: 200\nReceived array: [403, 404]","pass":false}}],"failureMessages":["Error: expect(received).toContain(expected) // indexOf\n\nExpected value: 200\nReceived array: [403, 404]\n    at Object.<anonymous> (D:\\HYD\\RRH PWA\\tests\\api\\master-authorization-regression.test.ts:533:26)\n    at processTicksAndRejections (node:internal/process/task_queues:104:5)"],"fullName":"MASTER BETA REGRESSION — Tenant Isolation & Authorization CROSS-TENANT MUTATION PROTECTION - HIGH PRIORITY ENDPOINTS 37. Company A cannot PATCH assign Company B complaint","invocations":1,"location":null,"numPassingAsserts":0,"retryReasons":[],"status":"failed","title":"37. Company A cannot PATCH assign Company B complaint"},{"ancestorTitles":["MASTER BETA REGRESSION — Tenant Isolation & Authorization","CROSS-TENANT MUTATION PROTECTION - HIGH PRIORITY ENDPOINTS"],"duration":27,"failureDetails":[{"matcherResult":{"actual":200,"expected":404,"message":"expect(received).toBe(expected) // Object.is equality\n\nExpected: 404\nReceived: 200","name":"toBe","pass":false}}],"failureMessages":["Error: expect(received).toBe(expected) // Object.is equality\n\nExpected: 404\nReceived: 200\n    at Object.<anonymous> (D:\\HYD\\RRH PWA\\tests\\api\\master-authorization-regression.test.ts:549:26)\n    at processTicksAndRejections (node:internal/process/task_queues:104:5)"],"fullName":"MASTER BETA REGRESSION — Tenant Isolation & Authorization CROSS-TENANT MUTATION PROTECTION - HIGH PRIORITY ENDPOINTS 38. Company A cannot PUT Company B booking status","invocations":1,"location":null,"numPassingAsserts":0,"retryReasons":[],"status":"failed","title":"38. Company A cannot PUT Company B booking status"},{"ancestorTitles":["MASTER BETA REGRESSION — Tenant Isolation & Authorization","CROSS-TENANT MUTATION PROTECTION - HIGH PRIORITY ENDPOINTS"],"duration":71,"failureDetails":[{"matcherResult":{"message":"expect(received).toMatch(expected)\n\nExpected pattern: /payment not found/i\nReceived string:  \"Customer not found or access denied\"","pass":false}}],"failureMessages":["Error: expect(received).toMatch(expected)\n\nExpected pattern: /payment not found/i\nReceived string:  \"Customer not found or access denied\"\n    at Object.<anonymous> (D:\\HYD\\RRH PWA\\tests\\api\\master-authorization-regression.test.ts:573:52)\n    at processTicksAndRejections (node:internal/process/task_queues:104:5)"],"fullName":"MASTER BETA REGRESSION — Tenant Isolation & Authorization CROSS-TENANT MUTATION PROTECTION - HIGH PRIORITY ENDPOINTS 39. Company A cannot PUT verify Company B payment","invocations":1,"location":null,"numPassingAsserts":1,"retryReasons":[],"status":"failed","title":"39. Company A cannot PUT verify Company B payment"}],"endTime":1788116051421,"message":"  ● MASTER BETA REGRESSION — Tenant Isolation & Authorization › TENANT ISOLATION › 8. GET foreign opportunity -> not found\n\n    expect(received).toBe(expected) // Object.is equality\n\n    Expected: 404\n    Received: 403\n\n    \u001b[0m \u001b[90m 265 |\u001b[39m     it(\u001b[32m'8. GET foreign opportunity -> not found'\u001b[39m\u001b[33m,\u001b[39m \u001b[36masync\u001b[39m () \u001b[33m=>\u001b[39m {\n     \u001b[90m 266 |\u001b[39m       \u001b[36mconst\u001b[39m res \u001b[33m=\u001b[39m \u001b[36mawait\u001b[39m request(app)\u001b[33m.\u001b[39m\u001b[36mget\u001b[39m(\u001b[32m`/api/v1/opportunities/${compBOppId}`\u001b[39m)\u001b[33m.\u001b[39m\u001b[36mset\u001b[39m(\u001b[32m'Authorization'\u001b[39m\u001b[33m,\u001b[39m \u001b[32m`Bearer ${compATelecallerToken}`\u001b[39m)\u001b[33m;\u001b[39m\n    \u001b[31m\u001b[1m>\u001b[22m\u001b[39m\u001b[90m 267 |\u001b[39m       expect(res\u001b[33m.\u001b[39mstatus)\u001b[33m.\u001b[39mtoBe(\u001b[35m404\u001b[39m)\u001b[33m;\u001b[39m\n     \u001b[90m     |\u001b[39m                          \u001b[31m\u001b[1m^\u001b[22m\u001b[39m\n     \u001b[90m 268 |\u001b[39m     })\u001b[33m;\u001b[39m\n     \u001b[90m 269 |\u001b[39m\n     \u001b[90m 270 |\u001b[39m     it(\u001b[32m'9. PATCH foreign opportunity -> not found'\u001b[39m\u001b[33m,\u001b[39m \u001b[36masync\u001b[39m () \u001b[33m=>\u001b[39m {\u001b[0m\n\n      at Object.<anonymous> (tests/api/master-authorization-regression.test.ts:267:26)\n\n  ● MASTER BETA REGRESSION — Tenant Isolation & Authorization › TENANT ISOLATION › 9. PATCH foreign opportunity -> not found\n\n    expect(received).toBe(expected) // Object.is equality\n\n    Expected: 404\n    Received: 403\n\n    \u001b[0m \u001b[90m 270 |\u001b[39m     it(\u001b[32m'9. PATCH foreign opportunity -> not found'\u001b[39m\u001b[33m,\u001b[39m \u001b[36masync\u001b[39m () \u001b[33m=>\u001b[39m {\n     \u001b[90m 271 |\u001b[39m       \u001b[36mconst\u001b[39m res \u001b[33m=\u001b[39m \u001b[36mawait\u001b[39m request(app)\u001b[33m.\u001b[39mpatch(\u001b[32m`/api/v1/opportunities/${compBOppId}`\u001b[39m)\u001b[33m.\u001b[39m\u001b[36mset\u001b[39m(\u001b[32m'Authorization'\u001b[39m\u001b[33m,\u001b[39m \u001b[32m`Bearer ${compATelecallerToken}`\u001b[39m)\u001b[33m.\u001b[39msend({ value\u001b[33m:\u001b[39m \u001b[35m6000000\u001b[39m })\u001b[33m;\u001b[39m\n    \u001b[31m\u001b[1m>\u001b[22m\u001b[39m\u001b[90m 272 |\u001b[39m       expect(res\u001b[33m.\u001b[39mstatus)\u001b[33m.\u001b[39mtoBe(\u001b[35m404\u001b[39m)\u001b[33m;\u001b[39m\n     \u001b[90m     |\u001b[39m                          \u001b[31m\u001b[1m^\u001b[22m\u001b[39m\n     \u001b[90m 273 |\u001b[39m     })\u001b[33m;\u001b[39m\n     \u001b[90m 274 |\u001b[39m\n     \u001b[90m 275 |\u001b[39m     it(\u001b[32m'10. GET/verify foreign document -> not found'\u001b[39m\u001b[33m,\u001b[39m \u001b[36masync\u001b[39m () \u001b[33m=>\u001b[39m {\u001b[0m\n\n      at Object.<anonymous> (tests/api/master-authorization-regression.test.ts:272:26)\n\n  ● MASTER BETA REGRESSION — Tenant Isolation & Authorization › RELATIONSHIPS › 13. Company A cannot attach Company B opportunity\n\n    expect(received).toBe(expected) // Object.is equality\n\n    Expected: 404\n    Received: 201\n\n    \u001b[0m \u001b[90m 314 |\u001b[39m         deadline\u001b[33m:\u001b[39m \u001b[36mnew\u001b[39m \u001b[33mDate\u001b[39m()\u001b[33m.\u001b[39mtoISOString()\n     \u001b[90m 315 |\u001b[39m       })\u001b[33m;\u001b[39m\n    \u001b[31m\u001b[1m>\u001b[22m\u001b[39m\u001b[90m 316 |\u001b[39m       expect(res\u001b[33m.\u001b[39mstatus)\u001b[33m.\u001b[39mtoBe(\u001b[35m404\u001b[39m)\u001b[33m;\u001b[39m\n     \u001b[90m     |\u001b[39m                          \u001b[31m\u001b[1m^\u001b[22m\u001b[39m\n     \u001b[90m 317 |\u001b[39m     })\u001b[33m;\u001b[39m\n     \u001b[90m 318 |\u001b[39m\n     \u001b[90m 319 |\u001b[39m     it(\u001b[32m'14. Company A cannot modify foreign relationships (Site visit against Comp B Lead)'\u001b[39m\u001b[33m,\u001b[39m \u001b[36masync\u001b[39m () \u001b[33m=>\u001b[39m {\u001b[0m\n\n      at Object.<anonymous> (tests/api/master-authorization-regression.test.ts:316:26)\n\n  ● MASTER BETA REGRESSION — Tenant Isolation & Authorization › ATTRIBUTION › 24. company_id cannot be spoofed\n\n    expect(received).toBe(expected) // Object.is equality\n\n    Expected: 1\n    Received: 2\n\n    \u001b[0m \u001b[90m 406 |\u001b[39m       })\u001b[33m;\u001b[39m\n     \u001b[90m 407 |\u001b[39m       expect(res\u001b[33m.\u001b[39mstatus)\u001b[33m.\u001b[39mtoBe(\u001b[35m201\u001b[39m)\u001b[33m;\u001b[39m\n    \u001b[31m\u001b[1m>\u001b[22m\u001b[39m\u001b[90m 408 |\u001b[39m       expect(res\u001b[33m.\u001b[39mbody\u001b[33m.\u001b[39mlead\u001b[33m.\u001b[39mcompany_id)\u001b[33m.\u001b[39mtoBe(\u001b[35m1\u001b[39m)\u001b[33m;\u001b[39m \u001b[90m// Must be forced to company 1\u001b[39m\n     \u001b[90m     |\u001b[39m                                        \u001b[31m\u001b[1m^\u001b[22m\u001b[39m\n     \u001b[90m 409 |\u001b[39m     })\u001b[33m;\u001b[39m\n     \u001b[90m 410 |\u001b[39m\n     \u001b[90m 411 |\u001b[39m     it(\u001b[32m'25. assignee/company boundaries cannot be bypassed'\u001b[39m\u001b[33m,\u001b[39m \u001b[36masync\u001b[39m () \u001b[33m=>\u001b[39m {\u001b[0m\n\n      at Object.<anonymous> (tests/api/master-authorization-regression.test.ts:408:40)\n\n  ● MASTER BETA REGRESSION — Tenant Isolation & Authorization › CROSS-TENANT MUTATION PROTECTION - HIGH PRIORITY ENDPOINTS › 26. Company A cannot PUT Company B project\n\n    expect(received).toBe(expected) // Object.is equality\n\n    Expected: 404\n    Received: 200\n\n    \u001b[0m \u001b[90m 429 |\u001b[39m         \u001b[33m.\u001b[39msend({ name\u001b[33m:\u001b[39m \u001b[32m'Hacked Project Name'\u001b[39m })\u001b[33m;\u001b[39m\n     \u001b[90m 430 |\u001b[39m       console\u001b[33m.\u001b[39mlog(\u001b[32m'TEST 26 - PUT /projects/:id:'\u001b[39m\u001b[33m,\u001b[39m res\u001b[33m.\u001b[39mstatus\u001b[33m,\u001b[39m res\u001b[33m.\u001b[39mbody)\u001b[33m;\u001b[39m\n    \u001b[31m\u001b[1m>\u001b[22m\u001b[39m\u001b[90m 431 |\u001b[39m       expect(res\u001b[33m.\u001b[39mstatus)\u001b[33m.\u001b[39mtoBe(\u001b[35m404\u001b[39m)\u001b[33m;\u001b[39m\n     \u001b[90m     |\u001b[39m                          \u001b[31m\u001b[1m^\u001b[22m\u001b[39m\n     \u001b[90m 432 |\u001b[39m     })\u001b[33m;\u001b[39m\n     \u001b[90m 433 |\u001b[39m\n     \u001b[90m 434 |\u001b[39m     it(\u001b[32m'27. Company A cannot DELETE Company B project'\u001b[39m\u001b[33m,\u001b[39m \u001b[36masync\u001b[39m () \u001b[33m=>\u001b[39m {\u001b[0m\n\n      at Object.<anonymous> (tests/api/master-authorization-regression.test.ts:431:26)\n\n  ● MASTER BETA REGRESSION — Tenant Isolation & Authorization › CROSS-TENANT MUTATION PROTECTION - HIGH PRIORITY ENDPOINTS › 27. Company A cannot DELETE Company B project\n\n    expect(received).toBe(expected) // Object.is equality\n\n    Expected: 404\n    Received: 200\n\n    \u001b[0m \u001b[90m 437 |\u001b[39m         \u001b[33m.\u001b[39m\u001b[36mset\u001b[39m(\u001b[32m'Authorization'\u001b[39m\u001b[33m,\u001b[39m \u001b[32m`Bearer ${compAMdToken}`\u001b[39m)\u001b[33m;\u001b[39m\n     \u001b[90m 438 |\u001b[39m       console\u001b[33m.\u001b[39mlog(\u001b[32m'TEST 27 - DELETE /projects/:id:'\u001b[39m\u001b[33m,\u001b[39m res\u001b[33m.\u001b[39mstatus\u001b[33m,\u001b[39m res\u001b[33m.\u001b[39mbody)\u001b[33m;\u001b[39m\n    \u001b[31m\u001b[1m>\u001b[22m\u001b[39m\u001b[90m 439 |\u001b[39m       expect(res\u001b[33m.\u001b[39mstatus)\u001b[33m.\u001b[39mtoBe(\u001b[35m404\u001b[39m)\u001b[33m;\u001b[39m\n     \u001b[90m     |\u001b[39m                          \u001b[31m\u001b[1m^\u001b[22m\u001b[39m\n     \u001b[90m 440 |\u001b[39m     })\u001b[33m;\u001b[39m\n     \u001b[90m 441 |\u001b[39m\n     \u001b[90m 442 |\u001b[39m     it(\u001b[32m'28. Company A cannot PUT assign Company B project'\u001b[39m\u001b[33m,\u001b[39m \u001b[36masync\u001b[39m () \u001b[33m=>\u001b[39m {\u001b[0m\n\n      at Object.<anonymous> (tests/api/master-authorization-regression.test.ts:439:26)\n\n  ● MASTER BETA REGRESSION — Tenant Isolation & Authorization › CROSS-TENANT MUTATION PROTECTION - HIGH PRIORITY ENDPOINTS › 29. Company A cannot PUT Company B property\n\n    expect(received).toContain(expected) // indexOf\n\n    Expected value: 200\n    Received array: [403, 404]\n\n    \u001b[0m \u001b[90m 456 |\u001b[39m         \u001b[33m.\u001b[39msend({ title\u001b[33m:\u001b[39m \u001b[32m'Hacked Property Title'\u001b[39m })\u001b[33m;\u001b[39m\n     \u001b[90m 457 |\u001b[39m       console\u001b[33m.\u001b[39mlog(\u001b[32m'TEST 29 - PUT /properties/:id:'\u001b[39m\u001b[33m,\u001b[39m res\u001b[33m.\u001b[39mstatus\u001b[33m,\u001b[39m res\u001b[33m.\u001b[39mbody)\u001b[33m;\u001b[39m\n    \u001b[31m\u001b[1m>\u001b[22m\u001b[39m\u001b[90m 458 |\u001b[39m       expect([\u001b[35m403\u001b[39m\u001b[33m,\u001b[39m \u001b[35m404\u001b[39m])\u001b[33m.\u001b[39mtoContain(res\u001b[33m.\u001b[39mstatus)\u001b[33m;\u001b[39m \u001b[90m// Both 403 and 404 are acceptable for cross-tenant protection\u001b[39m\n     \u001b[90m     |\u001b[39m                          \u001b[31m\u001b[1m^\u001b[22m\u001b[39m\n     \u001b[90m 459 |\u001b[39m     })\u001b[33m;\u001b[39m\n     \u001b[90m 460 |\u001b[39m\n     \u001b[90m 461 |\u001b[39m     it(\u001b[32m'30. Company A cannot PUT Company B property image'\u001b[39m\u001b[33m,\u001b[39m \u001b[36masync\u001b[39m () \u001b[33m=>\u001b[39m {\u001b[0m\n\n      at Object.<anonymous> (tests/api/master-authorization-regression.test.ts:458:26)\n\n  ● MASTER BETA REGRESSION — Tenant Isolation & Authorization › CROSS-TENANT MUTATION PROTECTION - HIGH PRIORITY ENDPOINTS › 30. Company A cannot PUT Company B property image\n\n    expect(received).toContain(expected) // indexOf\n\n    Expected value: 200\n    Received array: [403, 404]\n\n    \u001b[0m \u001b[90m 465 |\u001b[39m         \u001b[33m.\u001b[39msend({ alt_text\u001b[33m:\u001b[39m \u001b[32m'Hacked alt text'\u001b[39m })\u001b[33m;\u001b[39m\n     \u001b[90m 466 |\u001b[39m       console\u001b[33m.\u001b[39mlog(\u001b[32m'TEST 30 - PUT /properties/:id/images/:imageId:'\u001b[39m\u001b[33m,\u001b[39m res\u001b[33m.\u001b[39mstatus\u001b[33m,\u001b[39m res\u001b[33m.\u001b[39mbody)\u001b[33m;\u001b[39m\n    \u001b[31m\u001b[1m>\u001b[22m\u001b[39m\u001b[90m 467 |\u001b[39m       expect([\u001b[35m403\u001b[39m\u001b[33m,\u001b[39m \u001b[35m404\u001b[39m])\u001b[33m.\u001b[39mtoContain(res\u001b[33m.\u001b[39mstatus)\u001b[33m;\u001b[39m \u001b[90m// Both 403 and 404 are acceptable for cross-tenant protection\u001b[39m\n     \u001b[90m     |\u001b[39m                          \u001b[31m\u001b[1m^\u001b[22m\u001b[39m\n     \u001b[90m 468 |\u001b[39m     })\u001b[33m;\u001b[39m\n     \u001b[90m 469 |\u001b[39m\n     \u001b[90m 470 |\u001b[39m     it(\u001b[32m'31. Company A cannot DELETE Company B property image'\u001b[39m\u001b[33m,\u001b[39m \u001b[36masync\u001b[39m () \u001b[33m=>\u001b[39m {\u001b[0m\n\n      at Object.<anonymous> (tests/api/master-authorization-regression.test.ts:467:26)\n\n  ● MASTER BETA REGRESSION — Tenant Isolation & Authorization › CROSS-TENANT MUTATION PROTECTION - HIGH PRIORITY ENDPOINTS › 31. Company A cannot DELETE Company B property image\n\n    expect(received).toContain(expected) // indexOf\n\n    Expected value: 200\n    Received array: [403, 404]\n\n    \u001b[0m \u00
[...]
ation":null,"numPassingAsserts":4,"retryReasons":[],"status":"passed","title":"3. Telecaller sees their assigned/created leads only"},{"ancestorTitles":["Phase 3 - Central Data Scope Engine (Security Matrix)","Lead Scope Contract"],"duration":2,"failureDetails":[],"failureMessages":[],"fullName":"Phase 3 - Central Data Scope Engine (Security Matrix) Lead Scope Contract 4. Telecaller A cannot see Telecaller B's unrelated leads","invocations":1,"location":null,"numPassingAsserts":1,"retryReasons":[],"status":"passed","title":"4. Telecaller A cannot see Telecaller B's unrelated leads"},{"ancestorTitles":["Phase 3 - Central Data Scope Engine (Security Matrix)","Lead Scope Contract"],"duration":3,"failureDetails":[],"failureMessages":[],"fullName":"Phase 3 - Central Data Scope Engine (Security Matrix) Lead Scope Contract 5. Manager sees multi-level downstream leads","invocations":1,"location":null,"numPassingAsserts":5,"retryReasons":[],"status":"passed","title":"5. Manager sees multi-level downstream leads"},{"ancestorTitles":["Phase 3 - Central Data Scope Engine (Security Matrix)","Employee Scope Contract"],"duration":1,"failureDetails":[],"failureMessages":[],"fullName":"Phase 3 - Central Data Scope Engine (Security Matrix) Employee Scope Contract 7. Admin sees employees globally","invocations":1,"location":null,"numPassingAsserts":1,"retryReasons":[],"status":"passed","title":"7. Admin sees employees globally"},{"ancestorTitles":["Phase 3 - Central Data Scope Engine (Security Matrix)","Employee Scope Contract"],"duration":1,"failureDetails":[],"failureMessages":[],"fullName":"Phase 3 - Central Data Scope Engine (Security Matrix) Employee Scope Contract 8. Management sees same-company employees (excluding invisible)","invocations":1,"location":null,"numPassingAsserts":3,"retryReasons":[],"status":"passed","title":"8. Management sees same-company employees (excluding invisible)"},{"ancestorTitles":["Phase 3 - Central Data Scope Engine (Security Matrix)","Employee Scope Contract"],"duration":3,"failureDetails":[],"failureMessages":[],"fullName":"Phase 3 - Central Data Scope Engine (Security Matrix) Employee Scope Contract 9. Manager sees self and downstream reports","invocations":1,"location":null,"numPassingAsserts":5,"retryReasons":[],"status":"passed","title":"9. Manager sees self and downstream reports"},{"ancestorTitles":["Phase 3 - Central Data Scope Engine (Security Matrix)","Property Scope Contract"],"duration":0,"failureDetails":[],"failureMessages":[],"fullName":"Phase 3 - Central Data Scope Engine (Security Matrix) Property Scope Contract 11. Admin sees all properties globally","invocations":1,"location":null,"numPassingAsserts":1,"retryReasons":[],"status":"passed","title":"11. Admin sees all properties globally"},{"ancestorTitles":["Phase 3 - Central Data Scope Engine (Security Matrix)","Property Scope Contract"],"duration":1,"failureDetails":[],"failureMessages":[],"fullName":"Phase 3 - Central Data Scope Engine (Security Matrix) Property Scope Contract 12. Management sees same-company properties","invocations":1,"location":null,"numPassingAsserts":1,"retryReasons":[],"status":"passed","title":"12. Management sees same-company properties"},{"ancestorTitles":["Phase 3 - Central Data Scope Engine (Security Matrix)","Property Scope Contract"],"duration":1,"failureDetails":[],"failureMessages":[],"fullName":"Phase 3 - Central Data Scope Engine (Security Matrix) Property Scope Contract 13. PM sees assigned properties and LIVE properties","invocations":1,"location":null,"numPassingAsserts":3,"retryReasons":[],"status":"passed","title":"13. PM sees assigned properties and LIVE properties"},{"ancestorTitles":["Phase 3 - Central Data Scope Engine (Security Matrix)","Property Scope Contract"],"duration":1,"failureDetails":[],"failureMessages":[],"fullName":"Phase 3 - Central Data Scope Engine (Security Matrix) Property Scope Contract 14. Telecaller sees LIVE properties only","invocations":1,"location":null,"numPassingAsserts":3,"retryReasons":[],"status":"passed","title":"14. Telecaller sees LIVE properties only"}],"endTime":1788116151464,"message":"","name":"D:\\HYD\\RRH PWA\\tests\\api\\dataScope.test.ts","startTime":1788116151295,"status":"passed","summary":""},{"assertionResults":[{"ancestorTitles":["WorkflowEngine (Phase 5 Centralized Engine)","Lead Workflow"],"duration":2,"failureDetails":[],"failureMessages":[],"fullName":"WorkflowEngine (Phase 5 Centralized Engine) Lead Workflow allows valid transition ASSIGNED → CONTACTED","invocations":1,"location":null,"numPassingAsserts":2,"retryReasons":[],"status":"passed","title":"allows valid transition ASSIGNED → CONTACTED"},{"ancestorTitles":["WorkflowEngine (Phase 5 Centralized Engine)","Lead Workflow"],"duration":1,"failureDetails":[],"failureMessages":[],"fullName":"WorkflowEngine (Phase 5 Centralized Engine) Lead Workflow prevents invalid state skipping NEW → CONTACTED","invocations":1,"location":null,"numPassingAsserts":2,"retryReasons":[],"status":"passed","title":"prevents invalid state skipping NEW → CONTACTED"},{"ancestorTitles":["WorkflowEngine (Phase 5 Centralized Engine)","Lead Workflow"],"duration":1,"failureDetails":[],"failureMessages":[],"fullName":"WorkflowEngine (Phase 5 Centralized Engine) Lead Workflow prevents invalid transition DROPPED → BOOKED","invocations":1,"location":null,"numPassingAsserts":2,"retryReasons":[],"status":"passed","title":"prevents invalid transition DROPPED → BOOKED"},{"ancestorTitles":["WorkflowEngine (Phase 5 Centralized Engine)","Property Workflow"],"duration":1,"failureDetails":[],"failureMessages":[],"fullName":"WorkflowEngine (Phase 5 Centralized Engine) Property Workflow allows valid VERIFY transition","invocations":1,"location":null,"numPassingAsserts":2,"retryReasons":[],"status":"passed","title":"allows valid VERIFY transition"},{"ancestorTitles":["WorkflowEngine (Phase 5 Centralized Engine)","Property Workflow"],"duration":1,"failureDetails":[],"failureMessages":[],"fullName":"WorkflowEngine (Phase 5 Centralized Engine) Property Workflow allows valid DM_POLISH transition","invocations":1,"location":null,"numPassingAsserts":2,"retryReasons":[],"status":"passed","title":"allows valid DM_POLISH transition"},{"ancestorTitles":["WorkflowEngine (Phase 5 Centralized Engine)","Property Workflow"],"duration":1,"failureDetails":[],"failureMessages":[],"fullName":"WorkflowEngine (Phase 5 Centralized Engine) Property Workflow allows valid MD_APPROVE transition","invocations":1,"location":null,"numPassingAsserts":2,"retryReasons":[],"status":"passed","title":"allows valid MD_APPROVE transition"},{"ancestorTitles":["WorkflowEngine (Phase 5 Centralized Engine)","Property Workflow"],"duration":1,"failureDetails":[],"failureMessages":[],"fullName":"WorkflowEngine (Phase 5 Centralized Engine) Property Workflow prevents invalid out-of-order transition (DM_POLISH from VERIFICATION)","invocations":1,"location":null,"numPassingAsserts":2,"retryReasons":[],"status":"passed","title":"prevents invalid out-of-order transition (DM_POLISH from VERIFICATION)"},{"ancestorTitles":["WorkflowEngine (Phase 5 Centralized Engine)","Site Visit Workflow"],"duration":1,"failureDetails":[],"failureMessages":[],"fullName":"WorkflowEngine (Phase 5 Centralized Engine) Site Visit Workflow allows valid ROUTE transition (REQUESTED → PENDING_ACCEPTANCE)","invocations":1,"location":null,"numPassingAsserts":2,"retryReasons":[],"status":"passed","title":"allows valid ROUTE transition (REQUESTED → PENDING_ACCEPTANCE)"},{"ancestorTitles":["WorkflowEngine (Phase 5 Centralized Engine)","Site Visit Workflow"],"duration":1,"failureDetails":[],"failureMessages":[],"fullName":"WorkflowEngine (Phase 5 Centralized Engine) Site Visit Workflow allows valid ACCEPT transition (PENDING_ACCEPTANCE → ACCEPTED)","invocations":1,"location":null,"numPassingAsserts":2,"retryReasons":[],"status":"passed","title":"allows valid ACCEPT transition (PENDING_ACCEPTANCE → ACCEPTED)"},{"ancestorTitles":["WorkflowEngine (Phase 5 Centralized Engine)","Site Visit Workflow"],"duration":1,"failureDetails":[],"failureMessages":[],"fullName":"WorkflowEngine (Phase 5 Centralized Engine) Site Visit Workflow allows valid RECONFIRM_CUSTOMER transition (ACCEPTED → PENDING_CUSTOMER_RECONFIRMATION)","invocations":1,"location":null,"numPassingAsserts":2,"retryReasons":[],"status":"passed","title":"allows valid RECONFIRM_CUSTOMER transition (ACCEPTED → PENDING_CUSTOMER_RECONFIRMATION)"},{"ancestorTitles":["WorkflowEngine (Phase 5 Centralized Engine)","Site Visit Workflow"],"duration":0,"failureDetails":[],"failureMessages":[],"fullName":"WorkflowEngine (Phase 5 Centralized Engine) Site Visit Workflow prevents invalid out-of-order transition (COMPLETE from REQUESTED)","invocations":1,"location":null,"numPassingAsserts":2,"retryReasons":[],"status":"passed","title":"prevents invalid out-of-order transition (COMPLETE from REQUESTED)"},{"ancestorTitles":["WorkflowEngine (Phase 5 Centralized Engine)","WorkflowEngine Strict Separation"],"duration":0,"failureDetails":[],"failureMessages":[],"fullName":"WorkflowEngine (Phase 5 Centralized Engine) WorkflowEngine Strict Separation does not perform authorization checking internally","invocations":1,"location":null,"numPassingAsserts":1,"retryReasons":[],"status":"passed","title":"does not perform authorization checking internally"}],"endTime":1788116151604,"message":"","name":"D:\\HYD\\RRH PWA\\tests\\api\\workflowEngine.test.ts","startTime":1788116151468,"status":"passed","summary":""},{"assertionResults":[{"ancestorTitles":["Layer 1: Authorization Engine Unit Tests"],"duration":1,"failureDetails":[],"failureMessages":[],"fullName":"Layer 1: Authorization Engine Unit Tests permits admin to complete unassigned site visit","invocations":1,"location":null,"numPassingAsserts":1,"retryReasons":[],"status":"passed","title":"permits admin to complete unassigned site visit"},{"ancestorTitles":["Layer 1: Authorization Engine Unit Tests"],"duration":1,"failureDetails":[],"failureMessages":[],"fullName":"Layer 1: Authorization Engine Unit Tests prevents cross-company site visit completion for Telecaller","invocations":1,"location":null,"numPassingAsserts":1,"retryReasons":[],"status":"passed","title":"prevents cross-company site visit completion for Telecaller"},{"ancestorTitles":["Layer 1: Authorization Engine Unit Tests"],"duration":1,"failureDetails":[],"failureMessages":[],"fullName":"Layer 1: Authorization Engine Unit Tests prevents non-HR/Admin from viewing sensitive employee data cross-company","invocations":1,"location":null,"numPassingAsserts":1,"retryReasons":[],"status":"passed","title":"prevents non-HR/Admin from viewing sensitive employee data cross-company"},{"ancestorTitles":["Layer 1: Authorization Engine Unit Tests"],"duration":1,"failureDetails":[],"failureMessages":[],"fullName":"Layer 1: Authorization Engine Unit Tests permits Admin to view sensitive employee data cross-company","invocations":1,"location":null,"numPassingAsserts":1,"retryReasons":[],"status":"passed","title":"permits Admin to view sensitive employee data cross-company"}],"endTime":1788116151758,"message":"","name":"D:\\HYD\\RRH PWA\\tests\\api\\authorization.test.ts","startTime":1788116151610,"status":"passed","summary":""},{"assertionResults":[{"ancestorTitles":["performance-metric","roundPerformanceScore"],"duration":1,"failureDetails":[],"failureMessages":[],"fullName":"performance-metric roundPerformanceScore rounds a raw score to one decimal place","invocations":1,"location":null,"numPassingAsserts":3,"retryReasons":[],"status":"passed","title":"rounds a raw score to one decimal place"},{"ancestorTitles":["performance-metric","roundPerformanceScore"],"duration":0,"failureDetails":[],"failureMessages":[],"fullName":"performance-metric roundPerformanceScore clamps negative raw scores to 0","invocations":1,"location":null,"numPassingAsserts":2,"retryReasons":[],"status":"passed","title":"clamps negative raw scores to 0"},{"ancestorTitles":["performance-metric","roundPerformanceScore"],"duration":1,"failureDetails":[],"failureMessages":[],"fullName":"performance-metric roundPerformanceScore clamps exactly-zero raw scores to 0","invocations":1,"location":null,"numPassingAsserts":1,"retryReasons":[],"status":"passed","title":"clamps exactly-zero raw scores to 0"},{"ancestorTitles":["performance-metric","calculatePerformanceScore (full formula — shared by my-score & team)"],"duration":1,"failureDetails":[],"failureMessages":[],"fullName":"performance-metric calculatePerformanceScore (full formula — shared by my-score & team) 1. Base score is 50.0 when there are no events","invocations":1,"location":null,"numPassingAsserts":2,"retryReasons":[],"status":"passed","title":"1. Base score is 50.0 when there are no events"},{"ancestorTitles":["performance-metric","calculatePerformanceScore (full formula — shared by my-score & team)"],"duration":1,"failureDetails":[],"failureMessages":[],"fullName":"performance-metric calculatePerformanceScore (full formula — shared by my-score & team) 2. Breakdown exposes all canonical components","invocations":1,"location":null,"numPassingAsserts":2,"retryReasons":[],"status":"passed","title":"2. Breakdown exposes all canonical components"},{"ancestorTitles":["performance-metric","calculatePerformanceScore (full formula — shared by my-score & team)"],"duration":1,"failureDetails":[],"failureMessages":[],"fullName":"performance-metric calculatePerformanceScore (full formula — shared by my-score & team) 3. Mixed components produce the expected raw total","invocations":1,"location":null,"numPassingAsserts":1,"retryReasons":[],"status":"passed","title":"3. Mixed components produce the expected raw total"},{"ancestorTitles":["performance-metric","calculatePerformanceScore (full formula — shared by my-score & team)"],"duration":1,"failureDetails":[],"failureMessages":[],"fullName":"performance-metric calculatePerformanceScore (full formula — shared by my-score & team) 4. Penalties reduce the score without going below 0","invocations":1,"location":null,"numPassingAsserts":1,"retryReasons":[],"status":"passed","title":"4. Penalties reduce the score without going below 0"},{"ancestorTitles":["performance-metric","calculatePerformanceScore (full formula — shared by my-score & team)"],"duration":1,"failureDetails":[],"failureMessages":[],"fullName":"performance-metric calculatePerformanceScore (full formula — shared by my-score & team) 5. Does not mutate the input object","invocations":1,"location":null,"numPassingAsserts":1,"retryReasons":[],"status":"passed","title":"5. Does not mutate the input object"},{"ancestorTitles":["performance-metric","calculatePerformanceScore (full formula — shared by my-score & team)"],"duration":1,"failureDetails":[],"failureMessages":[],"fullName":"performance-metric calculatePerformanceScore (full formula — shared by my-score & team) 6. Weights match the documented business rule","invocations":1,"location":null,"numPassingAsserts":2,"retryReasons":[],"status":"passed","title":"6. Weights match the documented business rule"},{"ancestorTitles":["performance-metric","calculateLeaderboardScore (reduced formula — leaderboard only)"],"duration":1,"failureDetails":[],"failureMessages":[],"fullName":"performance-metric calculateLeaderboardScore (reduced formula — leaderboard only) 1. Base score is 50.0 with no tasks or reports","invocations":1,"location":null,"numPassingAsserts":1,"retryReasons":[],"status":"passed","title":"1. Base score is 50.0 with no tasks or reports"},{"ancestorTitles":["performance-metric","calculateLeaderboardScore (reduced formula — leaderboard only)"],"duration":1,"failureDetails":[],"failureMessages":[],"fullName":"performance-metric calculateLeaderboardScore (reduced formula — leaderboard only) 2. Adds 1.0 per completed task and 0.5 per daily report","invocations":1,"location":null,"numPassingAsserts":1,"retryReasons":[],"status":"passed","title":"2. Adds 1.0 per completed task and 0.5 per daily report"},{"ancestorTitles":["performance-metric","calculateLeaderboardScore (reduced formula — leaderboard only)"],"duration":1,"failureDetails":[],"failureMessages":[],"fullName":"performance-metric calculateLeaderboardScore (reduced formula — leaderboard only) 3. Ignores attendance and penalties (reduced formula)","invocations":1,"location":null,"numPassingAsserts":2,"retryReasons":[],"status":"passed","title":"3. Ignores attendance and penalties (reduced formula)"},{"ancestorTitles":["performance-metric","calculateLeaderboardScore (reduced formula — leaderboard only)"],"duration":0,"failureDetails":[],"failureMessages":[],"fullName":"performance-metric calculateLeaderboardScore (reduced formula — leaderboard only) 4. Clamps to 0 cannot happen here (reduced formula is always positive)","invocations":1,"location":null,"numPassingAsserts":1,"retryReasons":[],"status":"passed","title":"4. Clamps to 0 cannot happen here (reduced formula is always positive)"}],"endTime":1788116151884,"message":"","name":"D:\\HYD\\RRH PWA\\tests\\api\\performance-metric.test.ts","startTime":1788116151764,"status":"passed","summary":""},{"assertionResults":[{"ancestorTitles":["deriveTaskSlaStatus"],"duration":1,"failureDetails":[],"failureMessages":[],"fullName":"deriveTaskSlaStatus pending task before deadline returns ACTIVE","invocations":1,"location":null,"numPassingAsserts":1,"retryReasons":[],"status":"passed","title":"pending task before deadline returns ACTIVE"},{"ancestorTitles":["deriveTaskSlaStatus"],"duration":0,"failureDetails":[],"failureMessages":[],"fullName":"deriveTaskSlaStatus pending task exactly at deadline returns ACTIVE","invocations":1,"location":null,"numPassingAsserts":1,"retryReasons":[],"status":"passed","title":"pending task exactly at deadline returns ACTIVE"},{"ancestorTitles":["deriveTaskSlaStatus"],"duration":0,"failureDetails":[],"failureMessages":[],"fullName":"deriveTaskSlaStatus pending task after deadline returns BREACHED","invocations":1,"location":null,"numPassingAsserts":1,"retryReasons":[],"status":"passed","title":"pending task after deadline returns BREACHED"},{"ancestorTitles":["deriveTaskSlaStatus"],"duration":1,"failureDetails":[],"failureMessages":[],"fullName":"deriveTaskSlaStatus completed task before deadline returns COMPLETED","invocations":1,"location":null,"numPassingAsserts":1,"retryReasons":[],"status":"passed","title":"completed task before deadline returns COMPLETED"},{"ancestorTitles":["deriveTaskSlaStatus"],"duration":1,"failureDetails":[],"failureMessages":[],"fullName":"deriveTaskSlaStatus completed task after deadline returns COMPLETED","invocations":1,"location":null,"numPassingAsserts":1,"retryReasons":[],"status":"passed","title":"completed task after deadline returns COMPLETED"},{"ancestorTitles":["deriveTaskSlaStatus"],"duration":1,"failureDetails":[],"failureMessages":[],"fullName":"deriveTaskSlaStatus completed task with completed_at present returns COMPLETED","invocations":1,"location":null,"numPassingAsserts":1,"retryReasons":[],"status":"passed","title":"completed task with completed_at present returns COMPLETED"},{"ancestorTitles":["deriveTaskSlaStatus"],"duration":0,"failureDetails":[],"failureMessages":[],"fullName":"deriveTaskSlaStatus pending task with completed_at null and past deadline returns BREACHED","invocations":1,"location":null,"numPassingAsserts":1,"retryReasons":[],"status":"passed","title":"pending task with completed_at null and past deadline returns BREACHED"},{"ancestorTitles":["deriveTaskSlaStatus"],"duration":1,"failureDetails":[],"failureMessages":[],"fullName":"deriveTaskSlaStatus deriveTaskSlaStatus does not mutate the input task","invocations":1,"location":null,"numPassingAsserts":2,"retryReasons":[],"status":"passed","title":"deriveTaskSlaStatus does not mutate the input task"}],"endTime":1788116152010,"message":"","name":"D:\\HYD\\RRH PWA\\tests\\api\\tasks-sla.test.ts","startTime":1788116151888,"status":"passed","summary":""}],"wasInterrupted":false}
